[2024-01-14T08:19:26.246+0000] {processor.py:161} INFO - Started process (PID=172) to work on /opt/airflow/dags/one_task_dag.py
[2024-01-14T08:19:26.265+0000] {processor.py:830} INFO - Processing file /opt/airflow/dags/one_task_dag.py for tasks to queue
[2024-01-14T08:19:26.275+0000] {logging_mixin.py:188} INFO - [2024-01-14T08:19:26.269+0000] {dagbag.py:538} INFO - Filling up the DagBag from /opt/airflow/dags/one_task_dag.py
[2024-01-14T08:19:26.370+0000] {logging_mixin.py:188} INFO - [2024-01-14T08:19:26.368+0000] {one_task_dag.py:28} INFO - task is running
[2024-01-14T08:19:26.422+0000] {processor.py:840} INFO - DAG(s) 'one_task' retrieved from /opt/airflow/dags/one_task_dag.py
[2024-01-14T08:19:27.798+0000] {logging_mixin.py:188} INFO - [2024-01-14T08:19:27.797+0000] {dag.py:3033} INFO - Sync 1 DAGs
[2024-01-14T08:19:27.864+0000] {logging_mixin.py:188} INFO - [2024-01-14T08:19:27.863+0000] {dag.py:3820} INFO - Setting next_dagrun for one_task to None, run_after=None
[2024-01-14T08:19:27.932+0000] {processor.py:183} INFO - Processing /opt/airflow/dags/one_task_dag.py took 1.809 seconds
[2024-01-14T08:19:58.191+0000] {processor.py:161} INFO - Started process (PID=429) to work on /opt/airflow/dags/one_task_dag.py
[2024-01-14T08:19:58.198+0000] {processor.py:830} INFO - Processing file /opt/airflow/dags/one_task_dag.py for tasks to queue
[2024-01-14T08:19:58.202+0000] {logging_mixin.py:188} INFO - [2024-01-14T08:19:58.201+0000] {dagbag.py:538} INFO - Filling up the DagBag from /opt/airflow/dags/one_task_dag.py
[2024-01-14T08:19:58.234+0000] {logging_mixin.py:188} INFO - [2024-01-14T08:19:58.234+0000] {one_task_dag.py:28} INFO - task is running
[2024-01-14T08:19:58.235+0000] {processor.py:840} INFO - DAG(s) 'one_task' retrieved from /opt/airflow/dags/one_task_dag.py
[2024-01-14T08:19:58.322+0000] {logging_mixin.py:188} INFO - [2024-01-14T08:19:58.321+0000] {dag.py:3033} INFO - Sync 1 DAGs
[2024-01-14T08:19:58.356+0000] {logging_mixin.py:188} INFO - [2024-01-14T08:19:58.355+0000] {dag.py:3820} INFO - Setting next_dagrun for one_task to None, run_after=None
[2024-01-14T08:19:58.383+0000] {processor.py:183} INFO - Processing /opt/airflow/dags/one_task_dag.py took 0.252 seconds
[2024-01-14T08:20:28.921+0000] {processor.py:161} INFO - Started process (PID=692) to work on /opt/airflow/dags/one_task_dag.py
[2024-01-14T08:20:28.923+0000] {processor.py:830} INFO - Processing file /opt/airflow/dags/one_task_dag.py for tasks to queue
[2024-01-14T08:20:28.927+0000] {logging_mixin.py:188} INFO - [2024-01-14T08:20:28.926+0000] {dagbag.py:538} INFO - Filling up the DagBag from /opt/airflow/dags/one_task_dag.py
[2024-01-14T08:20:28.939+0000] {logging_mixin.py:188} INFO - [2024-01-14T08:20:28.939+0000] {one_task_dag.py:28} INFO - task is running
[2024-01-14T08:20:28.940+0000] {processor.py:840} INFO - DAG(s) 'one_task' retrieved from /opt/airflow/dags/one_task_dag.py
[2024-01-14T08:20:29.024+0000] {logging_mixin.py:188} INFO - [2024-01-14T08:20:29.024+0000] {dag.py:3033} INFO - Sync 1 DAGs
[2024-01-14T08:20:29.067+0000] {logging_mixin.py:188} INFO - [2024-01-14T08:20:29.067+0000] {dag.py:3820} INFO - Setting next_dagrun for one_task to None, run_after=None
[2024-01-14T08:20:29.121+0000] {processor.py:183} INFO - Processing /opt/airflow/dags/one_task_dag.py took 0.218 seconds
[2024-01-14T08:20:59.835+0000] {processor.py:161} INFO - Started process (PID=952) to work on /opt/airflow/dags/one_task_dag.py
[2024-01-14T08:20:59.836+0000] {processor.py:830} INFO - Processing file /opt/airflow/dags/one_task_dag.py for tasks to queue
[2024-01-14T08:20:59.838+0000] {logging_mixin.py:188} INFO - [2024-01-14T08:20:59.837+0000] {dagbag.py:538} INFO - Filling up the DagBag from /opt/airflow/dags/one_task_dag.py
[2024-01-14T08:20:59.850+0000] {logging_mixin.py:188} INFO - [2024-01-14T08:20:59.850+0000] {one_task_dag.py:28} INFO - task is running
[2024-01-14T08:20:59.852+0000] {processor.py:840} INFO - DAG(s) 'one_task' retrieved from /opt/airflow/dags/one_task_dag.py
[2024-01-14T08:20:59.885+0000] {logging_mixin.py:188} INFO - [2024-01-14T08:20:59.885+0000] {dag.py:3033} INFO - Sync 1 DAGs
[2024-01-14T08:20:59.930+0000] {logging_mixin.py:188} INFO - [2024-01-14T08:20:59.929+0000] {dag.py:3820} INFO - Setting next_dagrun for one_task to None, run_after=None
[2024-01-14T08:20:59.971+0000] {processor.py:183} INFO - Processing /opt/airflow/dags/one_task_dag.py took 0.151 seconds
[2024-01-14T08:21:30.073+0000] {processor.py:161} INFO - Started process (PID=1209) to work on /opt/airflow/dags/one_task_dag.py
[2024-01-14T08:21:30.075+0000] {processor.py:830} INFO - Processing file /opt/airflow/dags/one_task_dag.py for tasks to queue
[2024-01-14T08:21:30.078+0000] {logging_mixin.py:188} INFO - [2024-01-14T08:21:30.077+0000] {dagbag.py:538} INFO - Filling up the DagBag from /opt/airflow/dags/one_task_dag.py
[2024-01-14T08:21:30.094+0000] {logging_mixin.py:188} INFO - [2024-01-14T08:21:30.094+0000] {one_task_dag.py:28} INFO - task is running
[2024-01-14T08:21:30.098+0000] {processor.py:840} INFO - DAG(s) 'one_task' retrieved from /opt/airflow/dags/one_task_dag.py
[2024-01-14T08:21:30.139+0000] {logging_mixin.py:188} INFO - [2024-01-14T08:21:30.138+0000] {dag.py:3033} INFO - Sync 1 DAGs
[2024-01-14T08:21:30.160+0000] {logging_mixin.py:188} INFO - [2024-01-14T08:21:30.160+0000] {dag.py:3820} INFO - Setting next_dagrun for one_task to None, run_after=None
[2024-01-14T08:21:30.193+0000] {processor.py:183} INFO - Processing /opt/airflow/dags/one_task_dag.py took 0.129 seconds
[2024-01-14T08:22:00.769+0000] {processor.py:161} INFO - Started process (PID=1466) to work on /opt/airflow/dags/one_task_dag.py
[2024-01-14T08:22:00.770+0000] {processor.py:830} INFO - Processing file /opt/airflow/dags/one_task_dag.py for tasks to queue
[2024-01-14T08:22:00.771+0000] {logging_mixin.py:188} INFO - [2024-01-14T08:22:00.771+0000] {dagbag.py:538} INFO - Filling up the DagBag from /opt/airflow/dags/one_task_dag.py
[2024-01-14T08:22:00.778+0000] {logging_mixin.py:188} INFO - [2024-01-14T08:22:00.778+0000] {one_task_dag.py:28} INFO - task is running
[2024-01-14T08:22:00.779+0000] {processor.py:840} INFO - DAG(s) 'one_task' retrieved from /opt/airflow/dags/one_task_dag.py
[2024-01-14T08:22:00.803+0000] {logging_mixin.py:188} INFO - [2024-01-14T08:22:00.803+0000] {dag.py:3033} INFO - Sync 1 DAGs
[2024-01-14T08:22:00.822+0000] {logging_mixin.py:188} INFO - [2024-01-14T08:22:00.821+0000] {dag.py:3820} INFO - Setting next_dagrun for one_task to None, run_after=None
[2024-01-14T08:22:00.853+0000] {processor.py:183} INFO - Processing /opt/airflow/dags/one_task_dag.py took 0.092 seconds
[2024-01-14T08:22:31.047+0000] {processor.py:161} INFO - Started process (PID=1727) to work on /opt/airflow/dags/one_task_dag.py
[2024-01-14T08:22:31.049+0000] {processor.py:830} INFO - Processing file /opt/airflow/dags/one_task_dag.py for tasks to queue
[2024-01-14T08:22:31.050+0000] {logging_mixin.py:188} INFO - [2024-01-14T08:22:31.049+0000] {dagbag.py:538} INFO - Filling up the DagBag from /opt/airflow/dags/one_task_dag.py
[2024-01-14T08:22:31.057+0000] {logging_mixin.py:188} INFO - [2024-01-14T08:22:31.057+0000] {one_task_dag.py:28} INFO - task is running
[2024-01-14T08:22:31.058+0000] {processor.py:840} INFO - DAG(s) 'one_task' retrieved from /opt/airflow/dags/one_task_dag.py
[2024-01-14T08:22:31.098+0000] {logging_mixin.py:188} INFO - [2024-01-14T08:22:31.097+0000] {dag.py:3033} INFO - Sync 1 DAGs
[2024-01-14T08:22:31.124+0000] {logging_mixin.py:188} INFO - [2024-01-14T08:22:31.124+0000] {dag.py:3820} INFO - Setting next_dagrun for one_task to None, run_after=None
[2024-01-14T08:22:31.154+0000] {processor.py:183} INFO - Processing /opt/airflow/dags/one_task_dag.py took 0.112 seconds
[2024-01-14T08:23:01.260+0000] {processor.py:161} INFO - Started process (PID=1984) to work on /opt/airflow/dags/one_task_dag.py
[2024-01-14T08:23:01.262+0000] {processor.py:830} INFO - Processing file /opt/airflow/dags/one_task_dag.py for tasks to queue
[2024-01-14T08:23:01.263+0000] {logging_mixin.py:188} INFO - [2024-01-14T08:23:01.263+0000] {dagbag.py:538} INFO - Filling up the DagBag from /opt/airflow/dags/one_task_dag.py
[2024-01-14T08:23:01.271+0000] {logging_mixin.py:188} INFO - [2024-01-14T08:23:01.271+0000] {one_task_dag.py:28} INFO - task is running
[2024-01-14T08:23:01.272+0000] {processor.py:840} INFO - DAG(s) 'one_task' retrieved from /opt/airflow/dags/one_task_dag.py
[2024-01-14T08:23:01.293+0000] {logging_mixin.py:188} INFO - [2024-01-14T08:23:01.293+0000] {dag.py:3033} INFO - Sync 1 DAGs
[2024-01-14T08:23:01.307+0000] {logging_mixin.py:188} INFO - [2024-01-14T08:23:01.306+0000] {dag.py:3820} INFO - Setting next_dagrun for one_task to None, run_after=None
[2024-01-14T08:23:01.330+0000] {processor.py:183} INFO - Processing /opt/airflow/dags/one_task_dag.py took 0.075 seconds
[2024-01-14T08:23:31.455+0000] {processor.py:161} INFO - Started process (PID=2241) to work on /opt/airflow/dags/one_task_dag.py
[2024-01-14T08:23:31.456+0000] {processor.py:830} INFO - Processing file /opt/airflow/dags/one_task_dag.py for tasks to queue
[2024-01-14T08:23:31.458+0000] {logging_mixin.py:188} INFO - [2024-01-14T08:23:31.457+0000] {dagbag.py:538} INFO - Filling up the DagBag from /opt/airflow/dags/one_task_dag.py
[2024-01-14T08:23:31.465+0000] {logging_mixin.py:188} INFO - [2024-01-14T08:23:31.465+0000] {one_task_dag.py:28} INFO - task is running
[2024-01-14T08:23:31.466+0000] {processor.py:840} INFO - DAG(s) 'one_task' retrieved from /opt/airflow/dags/one_task_dag.py
[2024-01-14T08:23:31.486+0000] {logging_mixin.py:188} INFO - [2024-01-14T08:23:31.486+0000] {dag.py:3033} INFO - Sync 1 DAGs
[2024-01-14T08:23:31.500+0000] {logging_mixin.py:188} INFO - [2024-01-14T08:23:31.500+0000] {dag.py:3820} INFO - Setting next_dagrun for one_task to None, run_after=None
[2024-01-14T08:23:31.523+0000] {processor.py:183} INFO - Processing /opt/airflow/dags/one_task_dag.py took 0.073 seconds
[2024-01-14T08:24:01.757+0000] {processor.py:161} INFO - Started process (PID=2498) to work on /opt/airflow/dags/one_task_dag.py
[2024-01-14T08:24:01.759+0000] {processor.py:830} INFO - Processing file /opt/airflow/dags/one_task_dag.py for tasks to queue
[2024-01-14T08:24:01.761+0000] {logging_mixin.py:188} INFO - [2024-01-14T08:24:01.760+0000] {dagbag.py:538} INFO - Filling up the DagBag from /opt/airflow/dags/one_task_dag.py
[2024-01-14T08:24:01.770+0000] {logging_mixin.py:188} INFO - [2024-01-14T08:24:01.770+0000] {one_task_dag.py:28} INFO - task is running
[2024-01-14T08:24:01.771+0000] {processor.py:840} INFO - DAG(s) 'one_task' retrieved from /opt/airflow/dags/one_task_dag.py
[2024-01-14T08:24:01.794+0000] {logging_mixin.py:188} INFO - [2024-01-14T08:24:01.793+0000] {dag.py:3033} INFO - Sync 1 DAGs
[2024-01-14T08:24:01.807+0000] {logging_mixin.py:188} INFO - [2024-01-14T08:24:01.807+0000] {dag.py:3820} INFO - Setting next_dagrun for one_task to None, run_after=None
[2024-01-14T08:24:01.831+0000] {processor.py:183} INFO - Processing /opt/airflow/dags/one_task_dag.py took 0.083 seconds
[2024-01-14T08:24:32.054+0000] {processor.py:161} INFO - Started process (PID=2755) to work on /opt/airflow/dags/one_task_dag.py
[2024-01-14T08:24:32.056+0000] {processor.py:830} INFO - Processing file /opt/airflow/dags/one_task_dag.py for tasks to queue
[2024-01-14T08:24:32.057+0000] {logging_mixin.py:188} INFO - [2024-01-14T08:24:32.057+0000] {dagbag.py:538} INFO - Filling up the DagBag from /opt/airflow/dags/one_task_dag.py
[2024-01-14T08:24:32.066+0000] {logging_mixin.py:188} INFO - [2024-01-14T08:24:32.066+0000] {one_task_dag.py:28} INFO - task is running
[2024-01-14T08:24:32.066+0000] {processor.py:840} INFO - DAG(s) 'one_task' retrieved from /opt/airflow/dags/one_task_dag.py
[2024-01-14T08:24:32.094+0000] {logging_mixin.py:188} INFO - [2024-01-14T08:24:32.094+0000] {dag.py:3033} INFO - Sync 1 DAGs
[2024-01-14T08:24:32.110+0000] {logging_mixin.py:188} INFO - [2024-01-14T08:24:32.110+0000] {dag.py:3820} INFO - Setting next_dagrun for one_task to None, run_after=None
[2024-01-14T08:24:32.136+0000] {processor.py:183} INFO - Processing /opt/airflow/dags/one_task_dag.py took 0.086 seconds
[2024-01-14T08:25:02.382+0000] {processor.py:161} INFO - Started process (PID=3012) to work on /opt/airflow/dags/one_task_dag.py
[2024-01-14T08:25:02.384+0000] {processor.py:830} INFO - Processing file /opt/airflow/dags/one_task_dag.py for tasks to queue
[2024-01-14T08:25:02.385+0000] {logging_mixin.py:188} INFO - [2024-01-14T08:25:02.385+0000] {dagbag.py:538} INFO - Filling up the DagBag from /opt/airflow/dags/one_task_dag.py
[2024-01-14T08:25:02.393+0000] {logging_mixin.py:188} INFO - [2024-01-14T08:25:02.392+0000] {one_task_dag.py:28} INFO - task is running
[2024-01-14T08:25:02.393+0000] {processor.py:840} INFO - DAG(s) 'one_task' retrieved from /opt/airflow/dags/one_task_dag.py
[2024-01-14T08:25:02.415+0000] {logging_mixin.py:188} INFO - [2024-01-14T08:25:02.415+0000] {dag.py:3033} INFO - Sync 1 DAGs
[2024-01-14T08:25:02.429+0000] {logging_mixin.py:188} INFO - [2024-01-14T08:25:02.429+0000] {dag.py:3820} INFO - Setting next_dagrun for one_task to None, run_after=None
[2024-01-14T08:25:02.453+0000] {processor.py:183} INFO - Processing /opt/airflow/dags/one_task_dag.py took 0.079 seconds
[2024-01-14T08:25:32.603+0000] {processor.py:161} INFO - Started process (PID=3269) to work on /opt/airflow/dags/one_task_dag.py
[2024-01-14T08:25:32.605+0000] {processor.py:830} INFO - Processing file /opt/airflow/dags/one_task_dag.py for tasks to queue
[2024-01-14T08:25:32.606+0000] {logging_mixin.py:188} INFO - [2024-01-14T08:25:32.605+0000] {dagbag.py:538} INFO - Filling up the DagBag from /opt/airflow/dags/one_task_dag.py
[2024-01-14T08:25:32.612+0000] {logging_mixin.py:188} INFO - [2024-01-14T08:25:32.612+0000] {one_task_dag.py:28} INFO - task is running
[2024-01-14T08:25:32.612+0000] {processor.py:840} INFO - DAG(s) 'one_task' retrieved from /opt/airflow/dags/one_task_dag.py
[2024-01-14T08:25:32.633+0000] {logging_mixin.py:188} INFO - [2024-01-14T08:25:32.633+0000] {dag.py:3033} INFO - Sync 1 DAGs
[2024-01-14T08:25:32.647+0000] {logging_mixin.py:188} INFO - [2024-01-14T08:25:32.647+0000] {dag.py:3820} INFO - Setting next_dagrun for one_task to None, run_after=None
[2024-01-14T08:25:32.687+0000] {processor.py:183} INFO - Processing /opt/airflow/dags/one_task_dag.py took 0.087 seconds
[2024-01-14T08:26:02.874+0000] {processor.py:161} INFO - Started process (PID=3528) to work on /opt/airflow/dags/one_task_dag.py
[2024-01-14T08:26:02.875+0000] {processor.py:830} INFO - Processing file /opt/airflow/dags/one_task_dag.py for tasks to queue
[2024-01-14T08:26:02.875+0000] {logging_mixin.py:188} INFO - [2024-01-14T08:26:02.875+0000] {dagbag.py:538} INFO - Filling up the DagBag from /opt/airflow/dags/one_task_dag.py
[2024-01-14T08:26:02.882+0000] {logging_mixin.py:188} INFO - [2024-01-14T08:26:02.882+0000] {one_task_dag.py:28} INFO - task is running
[2024-01-14T08:26:02.882+0000] {processor.py:840} INFO - DAG(s) 'one_task' retrieved from /opt/airflow/dags/one_task_dag.py
[2024-01-14T08:26:02.903+0000] {logging_mixin.py:188} INFO - [2024-01-14T08:26:02.903+0000] {dag.py:3033} INFO - Sync 1 DAGs
[2024-01-14T08:26:02.921+0000] {logging_mixin.py:188} INFO - [2024-01-14T08:26:02.921+0000] {dag.py:3820} INFO - Setting next_dagrun for one_task to None, run_after=None
[2024-01-14T08:26:02.947+0000] {processor.py:183} INFO - Processing /opt/airflow/dags/one_task_dag.py took 0.077 seconds
[2024-01-14T08:26:33.080+0000] {processor.py:161} INFO - Started process (PID=3783) to work on /opt/airflow/dags/one_task_dag.py
[2024-01-14T08:26:33.081+0000] {processor.py:830} INFO - Processing file /opt/airflow/dags/one_task_dag.py for tasks to queue
[2024-01-14T08:26:33.082+0000] {logging_mixin.py:188} INFO - [2024-01-14T08:26:33.082+0000] {dagbag.py:538} INFO - Filling up the DagBag from /opt/airflow/dags/one_task_dag.py
[2024-01-14T08:26:33.091+0000] {logging_mixin.py:188} INFO - [2024-01-14T08:26:33.090+0000] {one_task_dag.py:28} INFO - task is running
[2024-01-14T08:26:33.091+0000] {processor.py:840} INFO - DAG(s) 'one_task' retrieved from /opt/airflow/dags/one_task_dag.py
[2024-01-14T08:26:33.113+0000] {logging_mixin.py:188} INFO - [2024-01-14T08:26:33.112+0000] {dag.py:3033} INFO - Sync 1 DAGs
[2024-01-14T08:26:33.126+0000] {logging_mixin.py:188} INFO - [2024-01-14T08:26:33.126+0000] {dag.py:3820} INFO - Setting next_dagrun for one_task to None, run_after=None
[2024-01-14T08:26:33.149+0000] {processor.py:183} INFO - Processing /opt/airflow/dags/one_task_dag.py took 0.075 seconds
[2024-01-14T08:27:03.259+0000] {processor.py:161} INFO - Started process (PID=4040) to work on /opt/airflow/dags/one_task_dag.py
[2024-01-14T08:27:03.260+0000] {processor.py:830} INFO - Processing file /opt/airflow/dags/one_task_dag.py for tasks to queue
[2024-01-14T08:27:03.261+0000] {logging_mixin.py:188} INFO - [2024-01-14T08:27:03.260+0000] {dagbag.py:538} INFO - Filling up the DagBag from /opt/airflow/dags/one_task_dag.py
[2024-01-14T08:27:03.267+0000] {logging_mixin.py:188} INFO - [2024-01-14T08:27:03.267+0000] {one_task_dag.py:28} INFO - task is running
[2024-01-14T08:27:03.268+0000] {processor.py:840} INFO - DAG(s) 'one_task' retrieved from /opt/airflow/dags/one_task_dag.py
[2024-01-14T08:27:03.288+0000] {logging_mixin.py:188} INFO - [2024-01-14T08:27:03.288+0000] {dag.py:3033} INFO - Sync 1 DAGs
[2024-01-14T08:27:03.302+0000] {logging_mixin.py:188} INFO - [2024-01-14T08:27:03.302+0000] {dag.py:3820} INFO - Setting next_dagrun for one_task to None, run_after=None
[2024-01-14T08:27:03.325+0000] {processor.py:183} INFO - Processing /opt/airflow/dags/one_task_dag.py took 0.069 seconds
[2024-01-14T09:10:51.792+0000] {processor.py:161} INFO - Started process (PID=4143) to work on /opt/airflow/dags/one_task_dag.py
[2024-01-14T09:10:51.793+0000] {processor.py:830} INFO - Processing file /opt/airflow/dags/one_task_dag.py for tasks to queue
[2024-01-14T09:10:51.795+0000] {logging_mixin.py:188} INFO - [2024-01-14T09:10:51.794+0000] {dagbag.py:538} INFO - Filling up the DagBag from /opt/airflow/dags/one_task_dag.py
[2024-01-14T09:10:51.803+0000] {logging_mixin.py:188} INFO - [2024-01-14T09:10:51.803+0000] {one_task_dag.py:28} INFO - task is running
[2024-01-14T09:10:51.804+0000] {processor.py:840} INFO - DAG(s) 'one_task' retrieved from /opt/airflow/dags/one_task_dag.py
[2024-01-14T09:10:51.830+0000] {logging_mixin.py:188} INFO - [2024-01-14T09:10:51.830+0000] {dag.py:3033} INFO - Sync 1 DAGs
[2024-01-14T09:10:51.854+0000] {logging_mixin.py:188} INFO - [2024-01-14T09:10:51.853+0000] {dag.py:3820} INFO - Setting next_dagrun for one_task to None, run_after=None
[2024-01-14T09:10:51.891+0000] {processor.py:183} INFO - Processing /opt/airflow/dags/one_task_dag.py took 0.105 seconds
[2024-01-14T09:11:22.207+0000] {processor.py:161} INFO - Started process (PID=4375) to work on /opt/airflow/dags/one_task_dag.py
[2024-01-14T09:11:22.208+0000] {processor.py:830} INFO - Processing file /opt/airflow/dags/one_task_dag.py for tasks to queue
[2024-01-14T09:11:22.210+0000] {logging_mixin.py:188} INFO - [2024-01-14T09:11:22.209+0000] {dagbag.py:538} INFO - Filling up the DagBag from /opt/airflow/dags/one_task_dag.py
[2024-01-14T09:11:22.219+0000] {logging_mixin.py:188} INFO - [2024-01-14T09:11:22.218+0000] {one_task_dag.py:28} INFO - task is running
[2024-01-14T09:11:22.219+0000] {processor.py:840} INFO - DAG(s) 'one_task' retrieved from /opt/airflow/dags/one_task_dag.py
[2024-01-14T09:11:22.241+0000] {logging_mixin.py:188} INFO - [2024-01-14T09:11:22.241+0000] {dag.py:3033} INFO - Sync 1 DAGs
[2024-01-14T09:11:22.255+0000] {logging_mixin.py:188} INFO - [2024-01-14T09:11:22.255+0000] {dag.py:3820} INFO - Setting next_dagrun for one_task to None, run_after=None
[2024-01-14T09:11:22.278+0000] {processor.py:183} INFO - Processing /opt/airflow/dags/one_task_dag.py took 0.078 seconds
[2024-01-14T09:11:52.441+0000] {processor.py:161} INFO - Started process (PID=4632) to work on /opt/airflow/dags/one_task_dag.py
[2024-01-14T09:11:52.442+0000] {processor.py:830} INFO - Processing file /opt/airflow/dags/one_task_dag.py for tasks to queue
[2024-01-14T09:11:52.443+0000] {logging_mixin.py:188} INFO - [2024-01-14T09:11:52.443+0000] {dagbag.py:538} INFO - Filling up the DagBag from /opt/airflow/dags/one_task_dag.py
[2024-01-14T09:11:52.451+0000] {logging_mixin.py:188} INFO - [2024-01-14T09:11:52.451+0000] {one_task_dag.py:28} INFO - task is running
[2024-01-14T09:11:52.452+0000] {processor.py:840} INFO - DAG(s) 'one_task' retrieved from /opt/airflow/dags/one_task_dag.py
[2024-01-14T09:11:52.472+0000] {logging_mixin.py:188} INFO - [2024-01-14T09:11:52.472+0000] {dag.py:3033} INFO - Sync 1 DAGs
[2024-01-14T09:11:52.486+0000] {logging_mixin.py:188} INFO - [2024-01-14T09:11:52.485+0000] {dag.py:3820} INFO - Setting next_dagrun for one_task to None, run_after=None
[2024-01-14T09:11:52.508+0000] {processor.py:183} INFO - Processing /opt/airflow/dags/one_task_dag.py took 0.073 seconds
[2024-01-14T09:12:22.715+0000] {processor.py:161} INFO - Started process (PID=4889) to work on /opt/airflow/dags/one_task_dag.py
[2024-01-14T09:12:22.717+0000] {processor.py:830} INFO - Processing file /opt/airflow/dags/one_task_dag.py for tasks to queue
[2024-01-14T09:12:22.718+0000] {logging_mixin.py:188} INFO - [2024-01-14T09:12:22.718+0000] {dagbag.py:538} INFO - Filling up the DagBag from /opt/airflow/dags/one_task_dag.py
[2024-01-14T09:12:22.729+0000] {logging_mixin.py:188} INFO - [2024-01-14T09:12:22.729+0000] {one_task_dag.py:28} INFO - task is running
[2024-01-14T09:12:22.730+0000] {processor.py:840} INFO - DAG(s) 'one_task' retrieved from /opt/airflow/dags/one_task_dag.py
[2024-01-14T09:12:22.754+0000] {logging_mixin.py:188} INFO - [2024-01-14T09:12:22.754+0000] {dag.py:3033} INFO - Sync 1 DAGs
[2024-01-14T09:12:22.768+0000] {logging_mixin.py:188} INFO - [2024-01-14T09:12:22.768+0000] {dag.py:3820} INFO - Setting next_dagrun for one_task to None, run_after=None
[2024-01-14T09:12:22.791+0000] {processor.py:183} INFO - Processing /opt/airflow/dags/one_task_dag.py took 0.081 seconds
[2024-01-14T09:12:52.843+0000] {processor.py:161} INFO - Started process (PID=5146) to work on /opt/airflow/dags/one_task_dag.py
[2024-01-14T09:12:52.844+0000] {processor.py:830} INFO - Processing file /opt/airflow/dags/one_task_dag.py for tasks to queue
[2024-01-14T09:12:52.845+0000] {logging_mixin.py:188} INFO - [2024-01-14T09:12:52.844+0000] {dagbag.py:538} INFO - Filling up the DagBag from /opt/airflow/dags/one_task_dag.py
[2024-01-14T09:12:52.851+0000] {logging_mixin.py:188} INFO - [2024-01-14T09:12:52.851+0000] {one_task_dag.py:28} INFO - task is running
[2024-01-14T09:12:52.851+0000] {processor.py:840} INFO - DAG(s) 'one_task' retrieved from /opt/airflow/dags/one_task_dag.py
[2024-01-14T09:12:52.872+0000] {logging_mixin.py:188} INFO - [2024-01-14T09:12:52.872+0000] {dag.py:3033} INFO - Sync 1 DAGs
[2024-01-14T09:12:52.886+0000] {logging_mixin.py:188} INFO - [2024-01-14T09:12:52.885+0000] {dag.py:3820} INFO - Setting next_dagrun for one_task to None, run_after=None
[2024-01-14T09:12:52.909+0000] {processor.py:183} INFO - Processing /opt/airflow/dags/one_task_dag.py took 0.070 seconds
[2024-01-14T09:13:23.114+0000] {processor.py:161} INFO - Started process (PID=5403) to work on /opt/airflow/dags/one_task_dag.py
[2024-01-14T09:13:23.114+0000] {processor.py:830} INFO - Processing file /opt/airflow/dags/one_task_dag.py for tasks to queue
[2024-01-14T09:13:23.115+0000] {logging_mixin.py:188} INFO - [2024-01-14T09:13:23.115+0000] {dagbag.py:538} INFO - Filling up the DagBag from /opt/airflow/dags/one_task_dag.py
[2024-01-14T09:13:23.122+0000] {logging_mixin.py:188} INFO - [2024-01-14T09:13:23.122+0000] {one_task_dag.py:28} INFO - task is running
[2024-01-14T09:13:23.122+0000] {processor.py:840} INFO - DAG(s) 'one_task' retrieved from /opt/airflow/dags/one_task_dag.py
[2024-01-14T09:13:23.143+0000] {logging_mixin.py:188} INFO - [2024-01-14T09:13:23.142+0000] {dag.py:3033} INFO - Sync 1 DAGs
[2024-01-14T09:13:23.156+0000] {logging_mixin.py:188} INFO - [2024-01-14T09:13:23.156+0000] {dag.py:3820} INFO - Setting next_dagrun for one_task to None, run_after=None
[2024-01-14T09:13:23.179+0000] {processor.py:183} INFO - Processing /opt/airflow/dags/one_task_dag.py took 0.070 seconds
[2024-01-14T09:13:53.527+0000] {processor.py:161} INFO - Started process (PID=5660) to work on /opt/airflow/dags/one_task_dag.py
[2024-01-14T09:13:53.528+0000] {processor.py:830} INFO - Processing file /opt/airflow/dags/one_task_dag.py for tasks to queue
[2024-01-14T09:13:53.529+0000] {logging_mixin.py:188} INFO - [2024-01-14T09:13:53.529+0000] {dagbag.py:538} INFO - Filling up the DagBag from /opt/airflow/dags/one_task_dag.py
[2024-01-14T09:13:53.536+0000] {logging_mixin.py:188} INFO - [2024-01-14T09:13:53.536+0000] {one_task_dag.py:28} INFO - task is running
[2024-01-14T09:13:53.537+0000] {processor.py:840} INFO - DAG(s) 'one_task' retrieved from /opt/airflow/dags/one_task_dag.py
[2024-01-14T09:13:53.557+0000] {logging_mixin.py:188} INFO - [2024-01-14T09:13:53.557+0000] {dag.py:3033} INFO - Sync 1 DAGs
[2024-01-14T09:13:53.571+0000] {logging_mixin.py:188} INFO - [2024-01-14T09:13:53.571+0000] {dag.py:3820} INFO - Setting next_dagrun for one_task to None, run_after=None
[2024-01-14T09:13:53.596+0000] {processor.py:183} INFO - Processing /opt/airflow/dags/one_task_dag.py took 0.073 seconds
[2024-01-14T09:14:23.934+0000] {processor.py:161} INFO - Started process (PID=5917) to work on /opt/airflow/dags/one_task_dag.py
[2024-01-14T09:14:23.935+0000] {processor.py:830} INFO - Processing file /opt/airflow/dags/one_task_dag.py for tasks to queue
[2024-01-14T09:14:23.936+0000] {logging_mixin.py:188} INFO - [2024-01-14T09:14:23.936+0000] {dagbag.py:538} INFO - Filling up the DagBag from /opt/airflow/dags/one_task_dag.py
[2024-01-14T09:14:23.946+0000] {logging_mixin.py:188} INFO - [2024-01-14T09:14:23.945+0000] {one_task_dag.py:28} INFO - task is running
[2024-01-14T09:14:23.950+0000] {processor.py:840} INFO - DAG(s) 'one_task' retrieved from /opt/airflow/dags/one_task_dag.py
[2024-01-14T09:14:23.978+0000] {logging_mixin.py:188} INFO - [2024-01-14T09:14:23.978+0000] {dag.py:3033} INFO - Sync 1 DAGs
[2024-01-14T09:14:23.997+0000] {logging_mixin.py:188} INFO - [2024-01-14T09:14:23.997+0000] {dag.py:3820} INFO - Setting next_dagrun for one_task to None, run_after=None
[2024-01-14T09:14:24.019+0000] {processor.py:183} INFO - Processing /opt/airflow/dags/one_task_dag.py took 0.094 seconds
[2024-01-14T09:14:54.423+0000] {processor.py:161} INFO - Started process (PID=6174) to work on /opt/airflow/dags/one_task_dag.py
[2024-01-14T09:14:54.424+0000] {processor.py:830} INFO - Processing file /opt/airflow/dags/one_task_dag.py for tasks to queue
[2024-01-14T09:14:54.425+0000] {logging_mixin.py:188} INFO - [2024-01-14T09:14:54.425+0000] {dagbag.py:538} INFO - Filling up the DagBag from /opt/airflow/dags/one_task_dag.py
[2024-01-14T09:14:54.431+0000] {logging_mixin.py:188} INFO - [2024-01-14T09:14:54.431+0000] {one_task_dag.py:28} INFO - task is running
[2024-01-14T09:14:54.432+0000] {processor.py:840} INFO - DAG(s) 'one_task' retrieved from /opt/airflow/dags/one_task_dag.py
[2024-01-14T09:14:54.451+0000] {logging_mixin.py:188} INFO - [2024-01-14T09:14:54.451+0000] {dag.py:3033} INFO - Sync 1 DAGs
[2024-01-14T09:14:54.464+0000] {logging_mixin.py:188} INFO - [2024-01-14T09:14:54.464+0000] {dag.py:3820} INFO - Setting next_dagrun for one_task to None, run_after=None
[2024-01-14T09:14:54.487+0000] {processor.py:183} INFO - Processing /opt/airflow/dags/one_task_dag.py took 0.070 seconds
[2024-01-14T09:15:24.872+0000] {processor.py:161} INFO - Started process (PID=6431) to work on /opt/airflow/dags/one_task_dag.py
[2024-01-14T09:15:24.873+0000] {processor.py:830} INFO - Processing file /opt/airflow/dags/one_task_dag.py for tasks to queue
[2024-01-14T09:15:24.875+0000] {logging_mixin.py:188} INFO - [2024-01-14T09:15:24.874+0000] {dagbag.py:538} INFO - Filling up the DagBag from /opt/airflow/dags/one_task_dag.py
[2024-01-14T09:15:24.883+0000] {logging_mixin.py:188} INFO - [2024-01-14T09:15:24.883+0000] {one_task_dag.py:28} INFO - task is running
[2024-01-14T09:15:24.884+0000] {processor.py:840} INFO - DAG(s) 'one_task' retrieved from /opt/airflow/dags/one_task_dag.py
[2024-01-14T09:15:24.907+0000] {logging_mixin.py:188} INFO - [2024-01-14T09:15:24.907+0000] {dag.py:3033} INFO - Sync 1 DAGs
[2024-01-14T09:15:24.921+0000] {logging_mixin.py:188} INFO - [2024-01-14T09:15:24.921+0000] {dag.py:3820} INFO - Setting next_dagrun for one_task to None, run_after=None
[2024-01-14T09:15:24.943+0000] {processor.py:183} INFO - Processing /opt/airflow/dags/one_task_dag.py took 0.076 seconds
[2024-01-14T09:16:22.744+0000] {processor.py:161} INFO - Started process (PID=6668) to work on /opt/airflow/dags/one_task_dag.py
[2024-01-14T09:16:22.747+0000] {processor.py:830} INFO - Processing file /opt/airflow/dags/one_task_dag.py for tasks to queue
[2024-01-14T09:16:22.749+0000] {logging_mixin.py:188} INFO - [2024-01-14T09:16:22.748+0000] {dagbag.py:538} INFO - Filling up the DagBag from /opt/airflow/dags/one_task_dag.py
[2024-01-14T09:16:22.760+0000] {logging_mixin.py:188} INFO - [2024-01-14T09:16:22.760+0000] {one_task_dag.py:28} INFO - task is running
[2024-01-14T09:16:22.761+0000] {processor.py:840} INFO - DAG(s) 'one_task' retrieved from /opt/airflow/dags/one_task_dag.py
[2024-01-14T09:16:22.791+0000] {logging_mixin.py:188} INFO - [2024-01-14T09:16:22.791+0000] {dag.py:3033} INFO - Sync 1 DAGs
[2024-01-14T09:16:22.808+0000] {logging_mixin.py:188} INFO - [2024-01-14T09:16:22.807+0000] {dag.py:3820} INFO - Setting next_dagrun for one_task to None, run_after=None
[2024-01-14T09:16:22.837+0000] {processor.py:183} INFO - Processing /opt/airflow/dags/one_task_dag.py took 0.097 seconds
[2024-01-14T09:16:53.168+0000] {processor.py:161} INFO - Started process (PID=6925) to work on /opt/airflow/dags/one_task_dag.py
[2024-01-14T09:16:53.169+0000] {processor.py:830} INFO - Processing file /opt/airflow/dags/one_task_dag.py for tasks to queue
[2024-01-14T09:16:53.170+0000] {logging_mixin.py:188} INFO - [2024-01-14T09:16:53.170+0000] {dagbag.py:538} INFO - Filling up the DagBag from /opt/airflow/dags/one_task_dag.py
[2024-01-14T09:16:53.177+0000] {logging_mixin.py:188} INFO - [2024-01-14T09:16:53.176+0000] {one_task_dag.py:28} INFO - task is running
[2024-01-14T09:16:53.177+0000] {processor.py:840} INFO - DAG(s) 'one_task' retrieved from /opt/airflow/dags/one_task_dag.py
[2024-01-14T09:16:53.197+0000] {logging_mixin.py:188} INFO - [2024-01-14T09:16:53.197+0000] {dag.py:3033} INFO - Sync 1 DAGs
[2024-01-14T09:16:53.210+0000] {logging_mixin.py:188} INFO - [2024-01-14T09:16:53.210+0000] {dag.py:3820} INFO - Setting next_dagrun for one_task to None, run_after=None
[2024-01-14T09:16:53.233+0000] {processor.py:183} INFO - Processing /opt/airflow/dags/one_task_dag.py took 0.068 seconds
[2024-01-14T09:17:23.453+0000] {processor.py:161} INFO - Started process (PID=7182) to work on /opt/airflow/dags/one_task_dag.py
[2024-01-14T09:17:23.454+0000] {processor.py:830} INFO - Processing file /opt/airflow/dags/one_task_dag.py for tasks to queue
[2024-01-14T09:17:23.456+0000] {logging_mixin.py:188} INFO - [2024-01-14T09:17:23.455+0000] {dagbag.py:538} INFO - Filling up the DagBag from /opt/airflow/dags/one_task_dag.py
[2024-01-14T09:17:23.465+0000] {logging_mixin.py:188} INFO - [2024-01-14T09:17:23.464+0000] {one_task_dag.py:28} INFO - task is running
[2024-01-14T09:17:23.465+0000] {processor.py:840} INFO - DAG(s) 'one_task' retrieved from /opt/airflow/dags/one_task_dag.py
[2024-01-14T09:17:23.494+0000] {logging_mixin.py:188} INFO - [2024-01-14T09:17:23.493+0000] {dag.py:3033} INFO - Sync 1 DAGs
[2024-01-14T09:17:23.511+0000] {logging_mixin.py:188} INFO - [2024-01-14T09:17:23.511+0000] {dag.py:3820} INFO - Setting next_dagrun for one_task to None, run_after=None
[2024-01-14T09:17:23.535+0000] {processor.py:183} INFO - Processing /opt/airflow/dags/one_task_dag.py took 0.089 seconds
[2024-01-14T09:17:53.845+0000] {processor.py:161} INFO - Started process (PID=7439) to work on /opt/airflow/dags/one_task_dag.py
[2024-01-14T09:17:53.846+0000] {processor.py:830} INFO - Processing file /opt/airflow/dags/one_task_dag.py for tasks to queue
[2024-01-14T09:17:53.848+0000] {logging_mixin.py:188} INFO - [2024-01-14T09:17:53.847+0000] {dagbag.py:538} INFO - Filling up the DagBag from /opt/airflow/dags/one_task_dag.py
[2024-01-14T09:17:53.859+0000] {logging_mixin.py:188} INFO - [2024-01-14T09:17:53.859+0000] {one_task_dag.py:28} INFO - task is running
[2024-01-14T09:17:53.860+0000] {processor.py:840} INFO - DAG(s) 'one_task' retrieved from /opt/airflow/dags/one_task_dag.py
[2024-01-14T09:17:53.882+0000] {logging_mixin.py:188} INFO - [2024-01-14T09:17:53.882+0000] {dag.py:3033} INFO - Sync 1 DAGs
[2024-01-14T09:17:53.895+0000] {logging_mixin.py:188} INFO - [2024-01-14T09:17:53.895+0000] {dag.py:3820} INFO - Setting next_dagrun for one_task to None, run_after=None
[2024-01-14T09:17:53.919+0000] {processor.py:183} INFO - Processing /opt/airflow/dags/one_task_dag.py took 0.081 seconds
[2024-01-14T09:18:24.175+0000] {processor.py:161} INFO - Started process (PID=7696) to work on /opt/airflow/dags/one_task_dag.py
[2024-01-14T09:18:24.178+0000] {processor.py:830} INFO - Processing file /opt/airflow/dags/one_task_dag.py for tasks to queue
[2024-01-14T09:18:24.180+0000] {logging_mixin.py:188} INFO - [2024-01-14T09:18:24.179+0000] {dagbag.py:538} INFO - Filling up the DagBag from /opt/airflow/dags/one_task_dag.py
[2024-01-14T09:18:24.192+0000] {logging_mixin.py:188} INFO - [2024-01-14T09:18:24.191+0000] {one_task_dag.py:28} INFO - task is running
[2024-01-14T09:18:24.192+0000] {processor.py:840} INFO - DAG(s) 'one_task' retrieved from /opt/airflow/dags/one_task_dag.py
[2024-01-14T09:18:24.216+0000] {logging_mixin.py:188} INFO - [2024-01-14T09:18:24.215+0000] {dag.py:3033} INFO - Sync 1 DAGs
[2024-01-14T09:18:24.229+0000] {logging_mixin.py:188} INFO - [2024-01-14T09:18:24.229+0000] {dag.py:3820} INFO - Setting next_dagrun for one_task to None, run_after=None
[2024-01-14T09:18:24.250+0000] {processor.py:183} INFO - Processing /opt/airflow/dags/one_task_dag.py took 0.085 seconds
[2024-01-14T09:18:54.386+0000] {processor.py:161} INFO - Started process (PID=7951) to work on /opt/airflow/dags/one_task_dag.py
[2024-01-14T09:18:54.389+0000] {processor.py:830} INFO - Processing file /opt/airflow/dags/one_task_dag.py for tasks to queue
[2024-01-14T09:18:54.390+0000] {logging_mixin.py:188} INFO - [2024-01-14T09:18:54.390+0000] {dagbag.py:538} INFO - Filling up the DagBag from /opt/airflow/dags/one_task_dag.py
[2024-01-14T09:18:54.397+0000] {logging_mixin.py:188} INFO - [2024-01-14T09:18:54.397+0000] {one_task_dag.py:28} INFO - task is running
[2024-01-14T09:18:54.398+0000] {processor.py:840} INFO - DAG(s) 'one_task' retrieved from /opt/airflow/dags/one_task_dag.py
[2024-01-14T09:18:54.425+0000] {logging_mixin.py:188} INFO - [2024-01-14T09:18:54.425+0000] {dag.py:3033} INFO - Sync 1 DAGs
[2024-01-14T09:18:54.439+0000] {logging_mixin.py:188} INFO - [2024-01-14T09:18:54.439+0000] {dag.py:3820} INFO - Setting next_dagrun for one_task to None, run_after=None
[2024-01-14T09:18:54.461+0000] {processor.py:183} INFO - Processing /opt/airflow/dags/one_task_dag.py took 0.089 seconds
[2024-01-14T09:19:25.068+0000] {processor.py:161} INFO - Started process (PID=8210) to work on /opt/airflow/dags/one_task_dag.py
[2024-01-14T09:19:25.070+0000] {processor.py:830} INFO - Processing file /opt/airflow/dags/one_task_dag.py for tasks to queue
[2024-01-14T09:19:25.071+0000] {logging_mixin.py:188} INFO - [2024-01-14T09:19:25.070+0000] {dagbag.py:538} INFO - Filling up the DagBag from /opt/airflow/dags/one_task_dag.py
[2024-01-14T09:19:25.078+0000] {logging_mixin.py:188} INFO - [2024-01-14T09:19:25.077+0000] {one_task_dag.py:28} INFO - task is running
[2024-01-14T09:19:25.078+0000] {processor.py:840} INFO - DAG(s) 'one_task' retrieved from /opt/airflow/dags/one_task_dag.py
[2024-01-14T09:19:25.106+0000] {logging_mixin.py:188} INFO - [2024-01-14T09:19:25.105+0000] {dag.py:3033} INFO - Sync 1 DAGs
[2024-01-14T09:19:25.121+0000] {logging_mixin.py:188} INFO - [2024-01-14T09:19:25.121+0000] {dag.py:3820} INFO - Setting next_dagrun for one_task to None, run_after=None
[2024-01-14T09:19:25.144+0000] {processor.py:183} INFO - Processing /opt/airflow/dags/one_task_dag.py took 0.079 seconds
[2024-01-14T09:25:26.189+0000] {processor.py:161} INFO - Started process (PID=8467) to work on /opt/airflow/dags/one_task_dag.py
[2024-01-14T09:25:26.190+0000] {processor.py:830} INFO - Processing file /opt/airflow/dags/one_task_dag.py for tasks to queue
[2024-01-14T09:25:26.191+0000] {logging_mixin.py:188} INFO - [2024-01-14T09:25:26.190+0000] {dagbag.py:538} INFO - Filling up the DagBag from /opt/airflow/dags/one_task_dag.py
[2024-01-14T09:25:26.197+0000] {logging_mixin.py:188} INFO - [2024-01-14T09:25:26.197+0000] {one_task_dag.py:28} INFO - task is running
[2024-01-14T09:25:26.198+0000] {processor.py:840} INFO - DAG(s) 'one_task' retrieved from /opt/airflow/dags/one_task_dag.py
[2024-01-14T09:25:26.221+0000] {logging_mixin.py:188} INFO - [2024-01-14T09:25:26.221+0000] {dag.py:3033} INFO - Sync 1 DAGs
[2024-01-14T09:25:26.236+0000] {logging_mixin.py:188} INFO - [2024-01-14T09:25:26.236+0000] {dag.py:3820} INFO - Setting next_dagrun for one_task to None, run_after=None
[2024-01-14T09:25:26.259+0000] {processor.py:183} INFO - Processing /opt/airflow/dags/one_task_dag.py took 0.074 seconds
[2024-01-14T09:25:56.962+0000] {processor.py:161} INFO - Started process (PID=8726) to work on /opt/airflow/dags/one_task_dag.py
[2024-01-14T09:25:56.963+0000] {processor.py:830} INFO - Processing file /opt/airflow/dags/one_task_dag.py for tasks to queue
[2024-01-14T09:25:56.964+0000] {logging_mixin.py:188} INFO - [2024-01-14T09:25:56.964+0000] {dagbag.py:538} INFO - Filling up the DagBag from /opt/airflow/dags/one_task_dag.py
[2024-01-14T09:25:56.971+0000] {logging_mixin.py:188} INFO - [2024-01-14T09:25:56.971+0000] {one_task_dag.py:28} INFO - task is running
[2024-01-14T09:25:56.972+0000] {processor.py:840} INFO - DAG(s) 'one_task' retrieved from /opt/airflow/dags/one_task_dag.py
[2024-01-14T09:25:56.992+0000] {logging_mixin.py:188} INFO - [2024-01-14T09:25:56.992+0000] {dag.py:3033} INFO - Sync 1 DAGs
[2024-01-14T09:25:57.006+0000] {logging_mixin.py:188} INFO - [2024-01-14T09:25:57.006+0000] {dag.py:3820} INFO - Setting next_dagrun for one_task to None, run_after=None
[2024-01-14T09:25:57.031+0000] {processor.py:183} INFO - Processing /opt/airflow/dags/one_task_dag.py took 0.073 seconds
[2024-01-14T09:26:27.526+0000] {processor.py:161} INFO - Started process (PID=8983) to work on /opt/airflow/dags/one_task_dag.py
[2024-01-14T09:26:27.527+0000] {processor.py:830} INFO - Processing file /opt/airflow/dags/one_task_dag.py for tasks to queue
[2024-01-14T09:26:27.528+0000] {logging_mixin.py:188} INFO - [2024-01-14T09:26:27.528+0000] {dagbag.py:538} INFO - Filling up the DagBag from /opt/airflow/dags/one_task_dag.py
[2024-01-14T09:26:27.535+0000] {logging_mixin.py:188} INFO - [2024-01-14T09:26:27.534+0000] {one_task_dag.py:28} INFO - task is running
[2024-01-14T09:26:27.535+0000] {processor.py:840} INFO - DAG(s) 'one_task' retrieved from /opt/airflow/dags/one_task_dag.py
[2024-01-14T09:26:27.556+0000] {logging_mixin.py:188} INFO - [2024-01-14T09:26:27.556+0000] {dag.py:3033} INFO - Sync 1 DAGs
[2024-01-14T09:26:27.570+0000] {logging_mixin.py:188} INFO - [2024-01-14T09:26:27.569+0000] {dag.py:3820} INFO - Setting next_dagrun for one_task to None, run_after=None
[2024-01-14T09:26:27.593+0000] {processor.py:183} INFO - Processing /opt/airflow/dags/one_task_dag.py took 0.070 seconds
[2024-01-14T09:26:58.046+0000] {processor.py:161} INFO - Started process (PID=9240) to work on /opt/airflow/dags/one_task_dag.py
[2024-01-14T09:26:58.048+0000] {processor.py:830} INFO - Processing file /opt/airflow/dags/one_task_dag.py for tasks to queue
[2024-01-14T09:26:58.049+0000] {logging_mixin.py:188} INFO - [2024-01-14T09:26:58.049+0000] {dagbag.py:538} INFO - Filling up the DagBag from /opt/airflow/dags/one_task_dag.py
[2024-01-14T09:26:58.058+0000] {logging_mixin.py:188} INFO - [2024-01-14T09:26:58.058+0000] {one_task_dag.py:28} INFO - task is running
[2024-01-14T09:26:58.059+0000] {processor.py:840} INFO - DAG(s) 'one_task' retrieved from /opt/airflow/dags/one_task_dag.py
[2024-01-14T09:26:58.081+0000] {logging_mixin.py:188} INFO - [2024-01-14T09:26:58.081+0000] {dag.py:3033} INFO - Sync 1 DAGs
[2024-01-14T09:26:58.095+0000] {logging_mixin.py:188} INFO - [2024-01-14T09:26:58.095+0000] {dag.py:3820} INFO - Setting next_dagrun for one_task to None, run_after=None
[2024-01-14T09:26:58.118+0000] {processor.py:183} INFO - Processing /opt/airflow/dags/one_task_dag.py took 0.081 seconds
[2024-01-14T09:27:29.064+0000] {processor.py:161} INFO - Started process (PID=9497) to work on /opt/airflow/dags/one_task_dag.py
[2024-01-14T09:27:29.065+0000] {processor.py:830} INFO - Processing file /opt/airflow/dags/one_task_dag.py for tasks to queue
[2024-01-14T09:27:29.067+0000] {logging_mixin.py:188} INFO - [2024-01-14T09:27:29.066+0000] {dagbag.py:538} INFO - Filling up the DagBag from /opt/airflow/dags/one_task_dag.py
[2024-01-14T09:27:29.075+0000] {logging_mixin.py:188} INFO - [2024-01-14T09:27:29.075+0000] {one_task_dag.py:28} INFO - task is running
[2024-01-14T09:27:29.076+0000] {processor.py:840} INFO - DAG(s) 'one_task' retrieved from /opt/airflow/dags/one_task_dag.py
[2024-01-14T09:27:29.101+0000] {logging_mixin.py:188} INFO - [2024-01-14T09:27:29.101+0000] {dag.py:3033} INFO - Sync 1 DAGs
[2024-01-14T09:27:29.115+0000] {logging_mixin.py:188} INFO - [2024-01-14T09:27:29.115+0000] {dag.py:3820} INFO - Setting next_dagrun for one_task to None, run_after=None
[2024-01-14T09:27:29.137+0000] {processor.py:183} INFO - Processing /opt/airflow/dags/one_task_dag.py took 0.079 seconds
[2024-01-14T09:27:59.757+0000] {processor.py:161} INFO - Started process (PID=9754) to work on /opt/airflow/dags/one_task_dag.py
[2024-01-14T09:27:59.758+0000] {processor.py:830} INFO - Processing file /opt/airflow/dags/one_task_dag.py for tasks to queue
[2024-01-14T09:27:59.760+0000] {logging_mixin.py:188} INFO - [2024-01-14T09:27:59.759+0000] {dagbag.py:538} INFO - Filling up the DagBag from /opt/airflow/dags/one_task_dag.py
[2024-01-14T09:27:59.769+0000] {logging_mixin.py:188} INFO - [2024-01-14T09:27:59.768+0000] {one_task_dag.py:28} INFO - task is running
[2024-01-14T09:27:59.770+0000] {processor.py:840} INFO - DAG(s) 'one_task' retrieved from /opt/airflow/dags/one_task_dag.py
[2024-01-14T09:27:59.797+0000] {logging_mixin.py:188} INFO - [2024-01-14T09:27:59.796+0000] {dag.py:3033} INFO - Sync 1 DAGs
[2024-01-14T09:27:59.812+0000] {logging_mixin.py:188} INFO - [2024-01-14T09:27:59.812+0000] {dag.py:3820} INFO - Setting next_dagrun for one_task to None, run_after=None
[2024-01-14T09:27:59.835+0000] {processor.py:183} INFO - Processing /opt/airflow/dags/one_task_dag.py took 0.085 seconds
[2024-01-14T09:28:30.161+0000] {processor.py:161} INFO - Started process (PID=10011) to work on /opt/airflow/dags/one_task_dag.py
[2024-01-14T09:28:30.162+0000] {processor.py:830} INFO - Processing file /opt/airflow/dags/one_task_dag.py for tasks to queue
[2024-01-14T09:28:30.163+0000] {logging_mixin.py:188} INFO - [2024-01-14T09:28:30.163+0000] {dagbag.py:538} INFO - Filling up the DagBag from /opt/airflow/dags/one_task_dag.py
[2024-01-14T09:28:30.169+0000] {logging_mixin.py:188} INFO - [2024-01-14T09:28:30.169+0000] {one_task_dag.py:28} INFO - task is running
[2024-01-14T09:28:30.170+0000] {processor.py:840} INFO - DAG(s) 'one_task' retrieved from /opt/airflow/dags/one_task_dag.py
[2024-01-14T09:28:30.190+0000] {logging_mixin.py:188} INFO - [2024-01-14T09:28:30.189+0000] {dag.py:3033} INFO - Sync 1 DAGs
[2024-01-14T09:28:30.203+0000] {logging_mixin.py:188} INFO - [2024-01-14T09:28:30.203+0000] {dag.py:3820} INFO - Setting next_dagrun for one_task to None, run_after=None
[2024-01-14T09:28:30.225+0000] {processor.py:183} INFO - Processing /opt/airflow/dags/one_task_dag.py took 0.068 seconds
[2024-01-14T09:29:00.631+0000] {processor.py:161} INFO - Started process (PID=10268) to work on /opt/airflow/dags/one_task_dag.py
[2024-01-14T09:29:00.632+0000] {processor.py:830} INFO - Processing file /opt/airflow/dags/one_task_dag.py for tasks to queue
[2024-01-14T09:29:00.633+0000] {logging_mixin.py:188} INFO - [2024-01-14T09:29:00.632+0000] {dagbag.py:538} INFO - Filling up the DagBag from /opt/airflow/dags/one_task_dag.py
[2024-01-14T09:29:00.638+0000] {logging_mixin.py:188} INFO - [2024-01-14T09:29:00.638+0000] {one_task_dag.py:28} INFO - task is running
[2024-01-14T09:29:00.639+0000] {processor.py:840} INFO - DAG(s) 'one_task' retrieved from /opt/airflow/dags/one_task_dag.py
[2024-01-14T09:29:00.658+0000] {logging_mixin.py:188} INFO - [2024-01-14T09:29:00.658+0000] {dag.py:3033} INFO - Sync 1 DAGs
[2024-01-14T09:29:00.672+0000] {logging_mixin.py:188} INFO - [2024-01-14T09:29:00.671+0000] {dag.py:3820} INFO - Setting next_dagrun for one_task to None, run_after=None
[2024-01-14T09:29:00.694+0000] {processor.py:183} INFO - Processing /opt/airflow/dags/one_task_dag.py took 0.067 seconds
[2024-01-14T09:29:31.315+0000] {processor.py:161} INFO - Started process (PID=10525) to work on /opt/airflow/dags/one_task_dag.py
[2024-01-14T09:29:31.317+0000] {processor.py:830} INFO - Processing file /opt/airflow/dags/one_task_dag.py for tasks to queue
[2024-01-14T09:29:31.318+0000] {logging_mixin.py:188} INFO - [2024-01-14T09:29:31.318+0000] {dagbag.py:538} INFO - Filling up the DagBag from /opt/airflow/dags/one_task_dag.py
[2024-01-14T09:29:31.329+0000] {logging_mixin.py:188} INFO - [2024-01-14T09:29:31.329+0000] {one_task_dag.py:28} INFO - task is running
[2024-01-14T09:29:31.330+0000] {processor.py:840} INFO - DAG(s) 'one_task' retrieved from /opt/airflow/dags/one_task_dag.py
[2024-01-14T09:29:31.351+0000] {logging_mixin.py:188} INFO - [2024-01-14T09:29:31.351+0000] {dag.py:3033} INFO - Sync 1 DAGs
[2024-01-14T09:29:31.365+0000] {logging_mixin.py:188} INFO - [2024-01-14T09:29:31.364+0000] {dag.py:3820} INFO - Setting next_dagrun for one_task to None, run_after=None
[2024-01-14T09:29:31.392+0000] {processor.py:183} INFO - Processing /opt/airflow/dags/one_task_dag.py took 0.083 seconds
[2024-01-14T09:30:01.450+0000] {processor.py:161} INFO - Started process (PID=10782) to work on /opt/airflow/dags/one_task_dag.py
[2024-01-14T09:30:01.452+0000] {processor.py:830} INFO - Processing file /opt/airflow/dags/one_task_dag.py for tasks to queue
[2024-01-14T09:30:01.453+0000] {logging_mixin.py:188} INFO - [2024-01-14T09:30:01.452+0000] {dagbag.py:538} INFO - Filling up the DagBag from /opt/airflow/dags/one_task_dag.py
[2024-01-14T09:30:01.460+0000] {logging_mixin.py:188} INFO - [2024-01-14T09:30:01.460+0000] {one_task_dag.py:28} INFO - task is running
[2024-01-14T09:30:01.461+0000] {processor.py:840} INFO - DAG(s) 'one_task' retrieved from /opt/airflow/dags/one_task_dag.py
[2024-01-14T09:30:01.482+0000] {logging_mixin.py:188} INFO - [2024-01-14T09:30:01.482+0000] {dag.py:3033} INFO - Sync 1 DAGs
[2024-01-14T09:30:01.496+0000] {logging_mixin.py:188} INFO - [2024-01-14T09:30:01.496+0000] {dag.py:3820} INFO - Setting next_dagrun for one_task to None, run_after=None
[2024-01-14T09:30:01.519+0000] {processor.py:183} INFO - Processing /opt/airflow/dags/one_task_dag.py took 0.075 seconds
[2024-01-14T09:30:31.753+0000] {processor.py:161} INFO - Started process (PID=11039) to work on /opt/airflow/dags/one_task_dag.py
[2024-01-14T09:30:31.755+0000] {processor.py:830} INFO - Processing file /opt/airflow/dags/one_task_dag.py for tasks to queue
[2024-01-14T09:30:31.756+0000] {logging_mixin.py:188} INFO - [2024-01-14T09:30:31.755+0000] {dagbag.py:538} INFO - Filling up the DagBag from /opt/airflow/dags/one_task_dag.py
[2024-01-14T09:30:31.768+0000] {logging_mixin.py:188} INFO - [2024-01-14T09:30:31.767+0000] {one_task_dag.py:28} INFO - task is running
[2024-01-14T09:30:31.768+0000] {processor.py:840} INFO - DAG(s) 'one_task' retrieved from /opt/airflow/dags/one_task_dag.py
[2024-01-14T09:30:31.791+0000] {logging_mixin.py:188} INFO - [2024-01-14T09:30:31.791+0000] {dag.py:3033} INFO - Sync 1 DAGs
[2024-01-14T09:30:31.805+0000] {logging_mixin.py:188} INFO - [2024-01-14T09:30:31.805+0000] {dag.py:3820} INFO - Setting next_dagrun for one_task to None, run_after=None
[2024-01-14T09:30:31.828+0000] {processor.py:183} INFO - Processing /opt/airflow/dags/one_task_dag.py took 0.084 seconds
[2024-01-14T09:31:01.892+0000] {processor.py:161} INFO - Started process (PID=11296) to work on /opt/airflow/dags/one_task_dag.py
[2024-01-14T09:31:01.892+0000] {processor.py:830} INFO - Processing file /opt/airflow/dags/one_task_dag.py for tasks to queue
[2024-01-14T09:31:01.893+0000] {logging_mixin.py:188} INFO - [2024-01-14T09:31:01.893+0000] {dagbag.py:538} INFO - Filling up the DagBag from /opt/airflow/dags/one_task_dag.py
[2024-01-14T09:31:01.900+0000] {logging_mixin.py:188} INFO - [2024-01-14T09:31:01.900+0000] {one_task_dag.py:28} INFO - task is running
[2024-01-14T09:31:01.900+0000] {processor.py:840} INFO - DAG(s) 'one_task' retrieved from /opt/airflow/dags/one_task_dag.py
[2024-01-14T09:31:01.924+0000] {logging_mixin.py:188} INFO - [2024-01-14T09:31:01.924+0000] {dag.py:3033} INFO - Sync 1 DAGs
[2024-01-14T09:31:01.939+0000] {logging_mixin.py:188} INFO - [2024-01-14T09:31:01.939+0000] {dag.py:3820} INFO - Setting next_dagrun for one_task to None, run_after=None
[2024-01-14T09:31:01.964+0000] {processor.py:183} INFO - Processing /opt/airflow/dags/one_task_dag.py took 0.078 seconds
[2024-01-14T09:31:32.441+0000] {processor.py:161} INFO - Started process (PID=11553) to work on /opt/airflow/dags/one_task_dag.py
[2024-01-14T09:31:32.444+0000] {processor.py:830} INFO - Processing file /opt/airflow/dags/one_task_dag.py for tasks to queue
[2024-01-14T09:31:32.445+0000] {logging_mixin.py:188} INFO - [2024-01-14T09:31:32.445+0000] {dagbag.py:538} INFO - Filling up the DagBag from /opt/airflow/dags/one_task_dag.py
[2024-01-14T09:31:32.453+0000] {logging_mixin.py:188} INFO - [2024-01-14T09:31:32.453+0000] {one_task_dag.py:28} INFO - task is running
[2024-01-14T09:31:32.454+0000] {processor.py:840} INFO - DAG(s) 'one_task' retrieved from /opt/airflow/dags/one_task_dag.py
[2024-01-14T09:31:32.492+0000] {logging_mixin.py:188} INFO - [2024-01-14T09:31:32.492+0000] {dag.py:3033} INFO - Sync 1 DAGs
[2024-01-14T09:31:32.515+0000] {logging_mixin.py:188} INFO - [2024-01-14T09:31:32.515+0000] {dag.py:3820} INFO - Setting next_dagrun for one_task to None, run_after=None
[2024-01-14T09:31:32.548+0000] {processor.py:183} INFO - Processing /opt/airflow/dags/one_task_dag.py took 0.113 seconds
[2024-01-14T09:32:02.609+0000] {processor.py:161} INFO - Started process (PID=11810) to work on /opt/airflow/dags/one_task_dag.py
[2024-01-14T09:32:02.610+0000] {processor.py:830} INFO - Processing file /opt/airflow/dags/one_task_dag.py for tasks to queue
[2024-01-14T09:32:02.612+0000] {logging_mixin.py:188} INFO - [2024-01-14T09:32:02.611+0000] {dagbag.py:538} INFO - Filling up the DagBag from /opt/airflow/dags/one_task_dag.py
[2024-01-14T09:32:02.619+0000] {logging_mixin.py:188} INFO - [2024-01-14T09:32:02.619+0000] {one_task_dag.py:28} INFO - task is running
[2024-01-14T09:32:02.620+0000] {processor.py:840} INFO - DAG(s) 'one_task' retrieved from /opt/airflow/dags/one_task_dag.py
[2024-01-14T09:32:02.643+0000] {logging_mixin.py:188} INFO - [2024-01-14T09:32:02.643+0000] {dag.py:3033} INFO - Sync 1 DAGs
[2024-01-14T09:32:02.658+0000] {logging_mixin.py:188} INFO - [2024-01-14T09:32:02.657+0000] {dag.py:3820} INFO - Setting next_dagrun for one_task to None, run_after=None
[2024-01-14T09:32:02.687+0000] {processor.py:183} INFO - Processing /opt/airflow/dags/one_task_dag.py took 0.082 seconds
[2024-01-14T09:32:33.125+0000] {processor.py:161} INFO - Started process (PID=12067) to work on /opt/airflow/dags/one_task_dag.py
[2024-01-14T09:32:33.126+0000] {processor.py:830} INFO - Processing file /opt/airflow/dags/one_task_dag.py for tasks to queue
[2024-01-14T09:32:33.128+0000] {logging_mixin.py:188} INFO - [2024-01-14T09:32:33.128+0000] {dagbag.py:538} INFO - Filling up the DagBag from /opt/airflow/dags/one_task_dag.py
[2024-01-14T09:32:33.138+0000] {logging_mixin.py:188} INFO - [2024-01-14T09:32:33.138+0000] {one_task_dag.py:28} INFO - task is running
[2024-01-14T09:32:33.139+0000] {processor.py:840} INFO - DAG(s) 'one_task' retrieved from /opt/airflow/dags/one_task_dag.py
[2024-01-14T09:32:33.160+0000] {logging_mixin.py:188} INFO - [2024-01-14T09:32:33.160+0000] {dag.py:3033} INFO - Sync 1 DAGs
[2024-01-14T09:32:33.174+0000] {logging_mixin.py:188} INFO - [2024-01-14T09:32:33.173+0000] {dag.py:3820} INFO - Setting next_dagrun for one_task to None, run_after=None
[2024-01-14T09:32:33.196+0000] {processor.py:183} INFO - Processing /opt/airflow/dags/one_task_dag.py took 0.086 seconds
[2024-01-14T09:33:03.410+0000] {processor.py:161} INFO - Started process (PID=12324) to work on /opt/airflow/dags/one_task_dag.py
[2024-01-14T09:33:03.412+0000] {processor.py:830} INFO - Processing file /opt/airflow/dags/one_task_dag.py for tasks to queue
[2024-01-14T09:33:03.413+0000] {logging_mixin.py:188} INFO - [2024-01-14T09:33:03.413+0000] {dagbag.py:538} INFO - Filling up the DagBag from /opt/airflow/dags/one_task_dag.py
[2024-01-14T09:33:03.422+0000] {logging_mixin.py:188} INFO - [2024-01-14T09:33:03.422+0000] {one_task_dag.py:28} INFO - task is running
[2024-01-14T09:33:03.423+0000] {processor.py:840} INFO - DAG(s) 'one_task' retrieved from /opt/airflow/dags/one_task_dag.py
[2024-01-14T09:33:03.450+0000] {logging_mixin.py:188} INFO - [2024-01-14T09:33:03.450+0000] {dag.py:3033} INFO - Sync 1 DAGs
[2024-01-14T09:33:03.465+0000] {logging_mixin.py:188} INFO - [2024-01-14T09:33:03.465+0000] {dag.py:3820} INFO - Setting next_dagrun for one_task to None, run_after=None
[2024-01-14T09:33:03.495+0000] {processor.py:183} INFO - Processing /opt/airflow/dags/one_task_dag.py took 0.089 seconds
[2024-01-14T09:33:33.764+0000] {processor.py:161} INFO - Started process (PID=12581) to work on /opt/airflow/dags/one_task_dag.py
[2024-01-14T09:33:33.766+0000] {processor.py:830} INFO - Processing file /opt/airflow/dags/one_task_dag.py for tasks to queue
[2024-01-14T09:33:33.768+0000] {logging_mixin.py:188} INFO - [2024-01-14T09:33:33.768+0000] {dagbag.py:538} INFO - Filling up the DagBag from /opt/airflow/dags/one_task_dag.py
[2024-01-14T09:33:33.781+0000] {logging_mixin.py:188} INFO - [2024-01-14T09:33:33.781+0000] {one_task_dag.py:28} INFO - task is running
[2024-01-14T09:33:33.782+0000] {processor.py:840} INFO - DAG(s) 'one_task' retrieved from /opt/airflow/dags/one_task_dag.py
[2024-01-14T09:33:33.807+0000] {logging_mixin.py:188} INFO - [2024-01-14T09:33:33.806+0000] {dag.py:3033} INFO - Sync 1 DAGs
[2024-01-14T09:33:33.823+0000] {logging_mixin.py:188} INFO - [2024-01-14T09:33:33.823+0000] {dag.py:3820} INFO - Setting next_dagrun for one_task to None, run_after=None
[2024-01-14T09:33:33.846+0000] {processor.py:183} INFO - Processing /opt/airflow/dags/one_task_dag.py took 0.094 seconds
[2024-01-14T09:34:04.219+0000] {processor.py:161} INFO - Started process (PID=12838) to work on /opt/airflow/dags/one_task_dag.py
[2024-01-14T09:34:04.220+0000] {processor.py:830} INFO - Processing file /opt/airflow/dags/one_task_dag.py for tasks to queue
[2024-01-14T09:34:04.222+0000] {logging_mixin.py:188} INFO - [2024-01-14T09:34:04.221+0000] {dagbag.py:538} INFO - Filling up the DagBag from /opt/airflow/dags/one_task_dag.py
[2024-01-14T09:34:04.228+0000] {logging_mixin.py:188} INFO - [2024-01-14T09:34:04.228+0000] {one_task_dag.py:28} INFO - task is running
[2024-01-14T09:34:04.228+0000] {processor.py:840} INFO - DAG(s) 'one_task' retrieved from /opt/airflow/dags/one_task_dag.py
[2024-01-14T09:34:04.249+0000] {logging_mixin.py:188} INFO - [2024-01-14T09:34:04.248+0000] {dag.py:3033} INFO - Sync 1 DAGs
[2024-01-14T09:34:04.262+0000] {logging_mixin.py:188} INFO - [2024-01-14T09:34:04.262+0000] {dag.py:3820} INFO - Setting next_dagrun for one_task to None, run_after=None
[2024-01-14T09:34:04.285+0000] {processor.py:183} INFO - Processing /opt/airflow/dags/one_task_dag.py took 0.070 seconds
[2024-01-14T09:34:34.811+0000] {processor.py:161} INFO - Started process (PID=13095) to work on /opt/airflow/dags/one_task_dag.py
[2024-01-14T09:34:34.812+0000] {processor.py:830} INFO - Processing file /opt/airflow/dags/one_task_dag.py for tasks to queue
[2024-01-14T09:34:34.814+0000] {logging_mixin.py:188} INFO - [2024-01-14T09:34:34.813+0000] {dagbag.py:538} INFO - Filling up the DagBag from /opt/airflow/dags/one_task_dag.py
[2024-01-14T09:34:34.821+0000] {logging_mixin.py:188} INFO - [2024-01-14T09:34:34.821+0000] {one_task_dag.py:28} INFO - task is running
[2024-01-14T09:34:34.822+0000] {processor.py:840} INFO - DAG(s) 'one_task' retrieved from /opt/airflow/dags/one_task_dag.py
[2024-01-14T09:34:34.843+0000] {logging_mixin.py:188} INFO - [2024-01-14T09:34:34.843+0000] {dag.py:3033} INFO - Sync 1 DAGs
[2024-01-14T09:34:34.989+0000] {logging_mixin.py:188} INFO - [2024-01-14T09:34:34.989+0000] {dag.py:3820} INFO - Setting next_dagrun for one_task to None, run_after=None
[2024-01-14T09:34:35.016+0000] {processor.py:183} INFO - Processing /opt/airflow/dags/one_task_dag.py took 0.209 seconds
[2024-01-14T09:35:05.216+0000] {processor.py:161} INFO - Started process (PID=13352) to work on /opt/airflow/dags/one_task_dag.py
[2024-01-14T09:35:05.217+0000] {processor.py:830} INFO - Processing file /opt/airflow/dags/one_task_dag.py for tasks to queue
[2024-01-14T09:35:05.218+0000] {logging_mixin.py:188} INFO - [2024-01-14T09:35:05.218+0000] {dagbag.py:538} INFO - Filling up the DagBag from /opt/airflow/dags/one_task_dag.py
[2024-01-14T09:35:05.225+0000] {logging_mixin.py:188} INFO - [2024-01-14T09:35:05.224+0000] {one_task_dag.py:28} INFO - task is running
[2024-01-14T09:35:05.225+0000] {processor.py:840} INFO - DAG(s) 'one_task' retrieved from /opt/airflow/dags/one_task_dag.py
[2024-01-14T09:35:05.247+0000] {logging_mixin.py:188} INFO - [2024-01-14T09:35:05.246+0000] {dag.py:3033} INFO - Sync 1 DAGs
[2024-01-14T09:35:05.260+0000] {logging_mixin.py:188} INFO - [2024-01-14T09:35:05.260+0000] {dag.py:3820} INFO - Setting next_dagrun for one_task to None, run_after=None
[2024-01-14T09:35:05.431+0000] {processor.py:183} INFO - Processing /opt/airflow/dags/one_task_dag.py took 0.219 seconds
[2024-01-14T10:15:03.555+0000] {processor.py:161} INFO - Started process (PID=13611) to work on /opt/airflow/dags/one_task_dag.py
[2024-01-14T10:15:03.556+0000] {processor.py:830} INFO - Processing file /opt/airflow/dags/one_task_dag.py for tasks to queue
[2024-01-14T10:15:03.557+0000] {logging_mixin.py:188} INFO - [2024-01-14T10:15:03.557+0000] {dagbag.py:538} INFO - Filling up the DagBag from /opt/airflow/dags/one_task_dag.py
[2024-01-14T10:15:03.565+0000] {logging_mixin.py:188} INFO - [2024-01-14T10:15:03.564+0000] {one_task_dag.py:28} INFO - task is running
[2024-01-14T10:15:03.565+0000] {processor.py:840} INFO - DAG(s) 'one_task' retrieved from /opt/airflow/dags/one_task_dag.py
[2024-01-14T10:15:03.589+0000] {logging_mixin.py:188} INFO - [2024-01-14T10:15:03.589+0000] {dag.py:3033} INFO - Sync 1 DAGs
[2024-01-14T10:15:03.605+0000] {logging_mixin.py:188} INFO - [2024-01-14T10:15:03.604+0000] {dag.py:3820} INFO - Setting next_dagrun for one_task to None, run_after=None
[2024-01-14T10:15:03.784+0000] {processor.py:183} INFO - Processing /opt/airflow/dags/one_task_dag.py took 0.233 seconds
[2024-01-14T10:15:34.275+0000] {processor.py:161} INFO - Started process (PID=13868) to work on /opt/airflow/dags/one_task_dag.py
[2024-01-14T10:15:34.281+0000] {processor.py:830} INFO - Processing file /opt/airflow/dags/one_task_dag.py for tasks to queue
[2024-01-14T10:15:34.282+0000] {logging_mixin.py:188} INFO - [2024-01-14T10:15:34.282+0000] {dagbag.py:538} INFO - Filling up the DagBag from /opt/airflow/dags/one_task_dag.py
[2024-01-14T10:15:34.290+0000] {logging_mixin.py:188} INFO - [2024-01-14T10:15:34.289+0000] {one_task_dag.py:28} INFO - task is running
[2024-01-14T10:15:34.290+0000] {processor.py:840} INFO - DAG(s) 'one_task' retrieved from /opt/airflow/dags/one_task_dag.py
[2024-01-14T10:15:34.313+0000] {logging_mixin.py:188} INFO - [2024-01-14T10:15:34.312+0000] {dag.py:3033} INFO - Sync 1 DAGs
[2024-01-14T10:15:34.328+0000] {logging_mixin.py:188} INFO - [2024-01-14T10:15:34.328+0000] {dag.py:3820} INFO - Setting next_dagrun for one_task to None, run_after=None
[2024-01-14T10:15:34.353+0000] {processor.py:183} INFO - Processing /opt/airflow/dags/one_task_dag.py took 0.083 seconds
[2024-01-14T10:16:04.476+0000] {processor.py:161} INFO - Started process (PID=14125) to work on /opt/airflow/dags/one_task_dag.py
[2024-01-14T10:16:04.478+0000] {processor.py:830} INFO - Processing file /opt/airflow/dags/one_task_dag.py for tasks to queue
[2024-01-14T10:16:04.478+0000] {logging_mixin.py:188} INFO - [2024-01-14T10:16:04.478+0000] {dagbag.py:538} INFO - Filling up the DagBag from /opt/airflow/dags/one_task_dag.py
[2024-01-14T10:16:04.487+0000] {logging_mixin.py:188} INFO - [2024-01-14T10:16:04.486+0000] {one_task_dag.py:28} INFO - task is running
[2024-01-14T10:16:04.487+0000] {processor.py:840} INFO - DAG(s) 'one_task' retrieved from /opt/airflow/dags/one_task_dag.py
[2024-01-14T10:16:04.512+0000] {logging_mixin.py:188} INFO - [2024-01-14T10:16:04.511+0000] {dag.py:3033} INFO - Sync 1 DAGs
[2024-01-14T10:16:04.528+0000] {logging_mixin.py:188} INFO - [2024-01-14T10:16:04.528+0000] {dag.py:3820} INFO - Setting next_dagrun for one_task to None, run_after=None
[2024-01-14T10:16:04.557+0000] {processor.py:183} INFO - Processing /opt/airflow/dags/one_task_dag.py took 0.084 seconds
[2024-01-14T10:16:34.715+0000] {processor.py:161} INFO - Started process (PID=14382) to work on /opt/airflow/dags/one_task_dag.py
[2024-01-14T10:16:34.716+0000] {processor.py:830} INFO - Processing file /opt/airflow/dags/one_task_dag.py for tasks to queue
[2024-01-14T10:16:34.717+0000] {logging_mixin.py:188} INFO - [2024-01-14T10:16:34.717+0000] {dagbag.py:538} INFO - Filling up the DagBag from /opt/airflow/dags/one_task_dag.py
[2024-01-14T10:16:34.724+0000] {logging_mixin.py:188} INFO - [2024-01-14T10:16:34.724+0000] {one_task_dag.py:28} INFO - task is running
[2024-01-14T10:16:34.724+0000] {processor.py:840} INFO - DAG(s) 'one_task' retrieved from /opt/airflow/dags/one_task_dag.py
[2024-01-14T10:16:34.747+0000] {logging_mixin.py:188} INFO - [2024-01-14T10:16:34.746+0000] {dag.py:3033} INFO - Sync 1 DAGs
[2024-01-14T10:16:34.762+0000] {logging_mixin.py:188} INFO - [2024-01-14T10:16:34.761+0000] {dag.py:3820} INFO - Setting next_dagrun for one_task to None, run_after=None
[2024-01-14T10:16:34.785+0000] {processor.py:183} INFO - Processing /opt/airflow/dags/one_task_dag.py took 0.075 seconds
[2024-01-14T10:17:05.327+0000] {processor.py:161} INFO - Started process (PID=14639) to work on /opt/airflow/dags/one_task_dag.py
[2024-01-14T10:17:05.329+0000] {processor.py:830} INFO - Processing file /opt/airflow/dags/one_task_dag.py for tasks to queue
[2024-01-14T10:17:05.330+0000] {logging_mixin.py:188} INFO - [2024-01-14T10:17:05.329+0000] {dagbag.py:538} INFO - Filling up the DagBag from /opt/airflow/dags/one_task_dag.py
[2024-01-14T10:17:05.337+0000] {logging_mixin.py:188} INFO - [2024-01-14T10:17:05.336+0000] {one_task_dag.py:28} INFO - task is running
[2024-01-14T10:17:05.337+0000] {processor.py:840} INFO - DAG(s) 'one_task' retrieved from /opt/airflow/dags/one_task_dag.py
[2024-01-14T10:17:05.361+0000] {logging_mixin.py:188} INFO - [2024-01-14T10:17:05.361+0000] {dag.py:3033} INFO - Sync 1 DAGs
[2024-01-14T10:17:05.376+0000] {logging_mixin.py:188} INFO - [2024-01-14T10:17:05.375+0000] {dag.py:3820} INFO - Setting next_dagrun for one_task to None, run_after=None
[2024-01-14T10:17:05.397+0000] {processor.py:183} INFO - Processing /opt/airflow/dags/one_task_dag.py took 0.075 seconds
[2024-01-14T10:17:35.931+0000] {processor.py:161} INFO - Started process (PID=14896) to work on /opt/airflow/dags/one_task_dag.py
[2024-01-14T10:17:35.932+0000] {processor.py:830} INFO - Processing file /opt/airflow/dags/one_task_dag.py for tasks to queue
[2024-01-14T10:17:35.933+0000] {logging_mixin.py:188} INFO - [2024-01-14T10:17:35.933+0000] {dagbag.py:538} INFO - Filling up the DagBag from /opt/airflow/dags/one_task_dag.py
[2024-01-14T10:17:35.941+0000] {logging_mixin.py:188} INFO - [2024-01-14T10:17:35.940+0000] {one_task_dag.py:28} INFO - task is running
[2024-01-14T10:17:35.941+0000] {processor.py:840} INFO - DAG(s) 'one_task' retrieved from /opt/airflow/dags/one_task_dag.py
[2024-01-14T10:17:35.963+0000] {logging_mixin.py:188} INFO - [2024-01-14T10:17:35.963+0000] {dag.py:3033} INFO - Sync 1 DAGs
[2024-01-14T10:17:35.979+0000] {logging_mixin.py:188} INFO - [2024-01-14T10:17:35.978+0000] {dag.py:3820} INFO - Setting next_dagrun for one_task to None, run_after=None
[2024-01-14T10:17:36.002+0000] {processor.py:183} INFO - Processing /opt/airflow/dags/one_task_dag.py took 0.075 seconds
[2024-01-14T10:18:06.564+0000] {processor.py:161} INFO - Started process (PID=15153) to work on /opt/airflow/dags/one_task_dag.py
[2024-01-14T10:18:06.566+0000] {processor.py:830} INFO - Processing file /opt/airflow/dags/one_task_dag.py for tasks to queue
[2024-01-14T10:18:06.567+0000] {logging_mixin.py:188} INFO - [2024-01-14T10:18:06.567+0000] {dagbag.py:538} INFO - Filling up the DagBag from /opt/airflow/dags/one_task_dag.py
[2024-01-14T10:18:06.574+0000] {logging_mixin.py:188} INFO - [2024-01-14T10:18:06.574+0000] {one_task_dag.py:28} INFO - task is running
[2024-01-14T10:18:06.575+0000] {processor.py:840} INFO - DAG(s) 'one_task' retrieved from /opt/airflow/dags/one_task_dag.py
[2024-01-14T10:18:06.596+0000] {logging_mixin.py:188} INFO - [2024-01-14T10:18:06.596+0000] {dag.py:3033} INFO - Sync 1 DAGs
[2024-01-14T10:18:06.611+0000] {logging_mixin.py:188} INFO - [2024-01-14T10:18:06.611+0000] {dag.py:3820} INFO - Setting next_dagrun for one_task to None, run_after=None
[2024-01-14T10:18:06.635+0000] {processor.py:183} INFO - Processing /opt/airflow/dags/one_task_dag.py took 0.077 seconds
[2024-01-14T10:18:37.058+0000] {processor.py:161} INFO - Started process (PID=15410) to work on /opt/airflow/dags/one_task_dag.py
[2024-01-14T10:18:37.060+0000] {processor.py:830} INFO - Processing file /opt/airflow/dags/one_task_dag.py for tasks to queue
[2024-01-14T10:18:37.061+0000] {logging_mixin.py:188} INFO - [2024-01-14T10:18:37.060+0000] {dagbag.py:538} INFO - Filling up the DagBag from /opt/airflow/dags/one_task_dag.py
[2024-01-14T10:18:37.069+0000] {logging_mixin.py:188} INFO - [2024-01-14T10:18:37.068+0000] {one_task_dag.py:28} INFO - task is running
[2024-01-14T10:18:37.069+0000] {processor.py:840} INFO - DAG(s) 'one_task' retrieved from /opt/airflow/dags/one_task_dag.py
[2024-01-14T10:18:37.093+0000] {logging_mixin.py:188} INFO - [2024-01-14T10:18:37.092+0000] {dag.py:3033} INFO - Sync 1 DAGs
[2024-01-14T10:18:37.108+0000] {logging_mixin.py:188} INFO - [2024-01-14T10:18:37.108+0000] {dag.py:3820} INFO - Setting next_dagrun for one_task to None, run_after=None
[2024-01-14T10:18:37.132+0000] {processor.py:183} INFO - Processing /opt/airflow/dags/one_task_dag.py took 0.079 seconds
[2024-01-14T10:19:07.445+0000] {processor.py:161} INFO - Started process (PID=15667) to work on /opt/airflow/dags/one_task_dag.py
[2024-01-14T10:19:07.446+0000] {processor.py:830} INFO - Processing file /opt/airflow/dags/one_task_dag.py for tasks to queue
[2024-01-14T10:19:07.447+0000] {logging_mixin.py:188} INFO - [2024-01-14T10:19:07.447+0000] {dagbag.py:538} INFO - Filling up the DagBag from /opt/airflow/dags/one_task_dag.py
[2024-01-14T10:19:07.454+0000] {logging_mixin.py:188} INFO - [2024-01-14T10:19:07.454+0000] {one_task_dag.py:28} INFO - task is running
[2024-01-14T10:19:07.454+0000] {processor.py:840} INFO - DAG(s) 'one_task' retrieved from /opt/airflow/dags/one_task_dag.py
[2024-01-14T10:19:07.475+0000] {logging_mixin.py:188} INFO - [2024-01-14T10:19:07.475+0000] {dag.py:3033} INFO - Sync 1 DAGs
[2024-01-14T10:19:07.489+0000] {logging_mixin.py:188} INFO - [2024-01-14T10:19:07.489+0000] {dag.py:3820} INFO - Setting next_dagrun for one_task to None, run_after=None
[2024-01-14T10:19:07.512+0000] {processor.py:183} INFO - Processing /opt/airflow/dags/one_task_dag.py took 0.071 seconds
[2024-01-14T10:19:37.790+0000] {processor.py:161} INFO - Started process (PID=15924) to work on /opt/airflow/dags/one_task_dag.py
[2024-01-14T10:19:37.791+0000] {processor.py:830} INFO - Processing file /opt/airflow/dags/one_task_dag.py for tasks to queue
[2024-01-14T10:19:37.792+0000] {logging_mixin.py:188} INFO - [2024-01-14T10:19:37.792+0000] {dagbag.py:538} INFO - Filling up the DagBag from /opt/airflow/dags/one_task_dag.py
[2024-01-14T10:19:37.800+0000] {logging_mixin.py:188} INFO - [2024-01-14T10:19:37.799+0000] {one_task_dag.py:28} INFO - task is running
[2024-01-14T10:19:37.801+0000] {processor.py:840} INFO - DAG(s) 'one_task' retrieved from /opt/airflow/dags/one_task_dag.py
[2024-01-14T10:19:37.825+0000] {logging_mixin.py:188} INFO - [2024-01-14T10:19:37.824+0000] {dag.py:3033} INFO - Sync 1 DAGs
[2024-01-14T10:19:37.843+0000] {logging_mixin.py:188} INFO - [2024-01-14T10:19:37.842+0000] {dag.py:3820} INFO - Setting next_dagrun for one_task to None, run_after=None
[2024-01-14T10:19:37.875+0000] {processor.py:183} INFO - Processing /opt/airflow/dags/one_task_dag.py took 0.089 seconds
[2024-01-14T10:20:08.125+0000] {processor.py:161} INFO - Started process (PID=16181) to work on /opt/airflow/dags/one_task_dag.py
[2024-01-14T10:20:08.127+0000] {processor.py:830} INFO - Processing file /opt/airflow/dags/one_task_dag.py for tasks to queue
[2024-01-14T10:20:08.129+0000] {logging_mixin.py:188} INFO - [2024-01-14T10:20:08.128+0000] {dagbag.py:538} INFO - Filling up the DagBag from /opt/airflow/dags/one_task_dag.py
[2024-01-14T10:20:08.141+0000] {logging_mixin.py:188} INFO - [2024-01-14T10:20:08.141+0000] {one_task_dag.py:28} INFO - task is running
[2024-01-14T10:20:08.142+0000] {processor.py:840} INFO - DAG(s) 'one_task' retrieved from /opt/airflow/dags/one_task_dag.py
[2024-01-14T10:20:08.173+0000] {logging_mixin.py:188} INFO - [2024-01-14T10:20:08.173+0000] {dag.py:3033} INFO - Sync 1 DAGs
[2024-01-14T10:20:08.188+0000] {logging_mixin.py:188} INFO - [2024-01-14T10:20:08.188+0000] {dag.py:3820} INFO - Setting next_dagrun for one_task to None, run_after=None
[2024-01-14T10:20:08.212+0000] {processor.py:183} INFO - Processing /opt/airflow/dags/one_task_dag.py took 0.095 seconds
[2024-01-14T10:20:38.454+0000] {processor.py:161} INFO - Started process (PID=16438) to work on /opt/airflow/dags/one_task_dag.py
[2024-01-14T10:20:38.455+0000] {processor.py:830} INFO - Processing file /opt/airflow/dags/one_task_dag.py for tasks to queue
[2024-01-14T10:20:38.456+0000] {logging_mixin.py:188} INFO - [2024-01-14T10:20:38.456+0000] {dagbag.py:538} INFO - Filling up the DagBag from /opt/airflow/dags/one_task_dag.py
[2024-01-14T10:20:38.463+0000] {logging_mixin.py:188} INFO - [2024-01-14T10:20:38.463+0000] {one_task_dag.py:28} INFO - task is running
[2024-01-14T10:20:38.464+0000] {processor.py:840} INFO - DAG(s) 'one_task' retrieved from /opt/airflow/dags/one_task_dag.py
[2024-01-14T10:20:38.487+0000] {logging_mixin.py:188} INFO - [2024-01-14T10:20:38.487+0000] {dag.py:3033} INFO - Sync 1 DAGs
[2024-01-14T10:20:38.505+0000] {logging_mixin.py:188} INFO - [2024-01-14T10:20:38.505+0000] {dag.py:3820} INFO - Setting next_dagrun for one_task to None, run_after=None
[2024-01-14T10:20:38.530+0000] {processor.py:183} INFO - Processing /opt/airflow/dags/one_task_dag.py took 0.080 seconds
[2024-01-14T10:21:08.638+0000] {processor.py:161} INFO - Started process (PID=16695) to work on /opt/airflow/dags/one_task_dag.py
[2024-01-14T10:21:08.639+0000] {processor.py:830} INFO - Processing file /opt/airflow/dags/one_task_dag.py for tasks to queue
[2024-01-14T10:21:08.640+0000] {logging_mixin.py:188} INFO - [2024-01-14T10:21:08.640+0000] {dagbag.py:538} INFO - Filling up the DagBag from /opt/airflow/dags/one_task_dag.py
[2024-01-14T10:21:08.647+0000] {logging_mixin.py:188} INFO - [2024-01-14T10:21:08.647+0000] {one_task_dag.py:28} INFO - task is running
[2024-01-14T10:21:08.648+0000] {processor.py:840} INFO - DAG(s) 'one_task' retrieved from /opt/airflow/dags/one_task_dag.py
[2024-01-14T10:21:08.669+0000] {logging_mixin.py:188} INFO - [2024-01-14T10:21:08.668+0000] {dag.py:3033} INFO - Sync 1 DAGs
[2024-01-14T10:21:08.683+0000] {logging_mixin.py:188} INFO - [2024-01-14T10:21:08.683+0000] {dag.py:3820} INFO - Setting next_dagrun for one_task to None, run_after=None
[2024-01-14T10:21:08.704+0000] {processor.py:183} INFO - Processing /opt/airflow/dags/one_task_dag.py took 0.072 seconds
[2024-01-14T10:21:39.000+0000] {processor.py:161} INFO - Started process (PID=16952) to work on /opt/airflow/dags/one_task_dag.py
[2024-01-14T10:21:39.001+0000] {processor.py:830} INFO - Processing file /opt/airflow/dags/one_task_dag.py for tasks to queue
[2024-01-14T10:21:39.002+0000] {logging_mixin.py:188} INFO - [2024-01-14T10:21:39.002+0000] {dagbag.py:538} INFO - Filling up the DagBag from /opt/airflow/dags/one_task_dag.py
[2024-01-14T10:21:39.011+0000] {logging_mixin.py:188} INFO - [2024-01-14T10:21:39.010+0000] {one_task_dag.py:28} INFO - task is running
[2024-01-14T10:21:39.011+0000] {processor.py:840} INFO - DAG(s) 'one_task' retrieved from /opt/airflow/dags/one_task_dag.py
[2024-01-14T10:21:39.033+0000] {logging_mixin.py:188} INFO - [2024-01-14T10:21:39.033+0000] {dag.py:3033} INFO - Sync 1 DAGs
[2024-01-14T10:21:39.047+0000] {logging_mixin.py:188} INFO - [2024-01-14T10:21:39.047+0000] {dag.py:3820} INFO - Setting next_dagrun for one_task to None, run_after=None
[2024-01-14T10:21:39.069+0000] {processor.py:183} INFO - Processing /opt/airflow/dags/one_task_dag.py took 0.077 seconds
[2024-01-14T10:22:09.341+0000] {processor.py:161} INFO - Started process (PID=17209) to work on /opt/airflow/dags/one_task_dag.py
[2024-01-14T10:22:09.343+0000] {processor.py:830} INFO - Processing file /opt/airflow/dags/one_task_dag.py for tasks to queue
[2024-01-14T10:22:09.344+0000] {logging_mixin.py:188} INFO - [2024-01-14T10:22:09.344+0000] {dagbag.py:538} INFO - Filling up the DagBag from /opt/airflow/dags/one_task_dag.py
[2024-01-14T10:22:09.354+0000] {logging_mixin.py:188} INFO - [2024-01-14T10:22:09.354+0000] {one_task_dag.py:28} INFO - task is running
[2024-01-14T10:22:09.355+0000] {processor.py:840} INFO - DAG(s) 'one_task' retrieved from /opt/airflow/dags/one_task_dag.py
[2024-01-14T10:22:09.377+0000] {logging_mixin.py:188} INFO - [2024-01-14T10:22:09.377+0000] {dag.py:3033} INFO - Sync 1 DAGs
[2024-01-14T10:22:09.392+0000] {logging_mixin.py:188} INFO - [2024-01-14T10:22:09.392+0000] {dag.py:3820} INFO - Setting next_dagrun for one_task to None, run_after=None
[2024-01-14T10:22:09.414+0000] {processor.py:183} INFO - Processing /opt/airflow/dags/one_task_dag.py took 0.081 seconds
[2024-01-14T10:22:39.616+0000] {processor.py:161} INFO - Started process (PID=17466) to work on /opt/airflow/dags/one_task_dag.py
[2024-01-14T10:22:39.618+0000] {processor.py:830} INFO - Processing file /opt/airflow/dags/one_task_dag.py for tasks to queue
[2024-01-14T10:22:39.619+0000] {logging_mixin.py:188} INFO - [2024-01-14T10:22:39.619+0000] {dagbag.py:538} INFO - Filling up the DagBag from /opt/airflow/dags/one_task_dag.py
[2024-01-14T10:22:39.627+0000] {logging_mixin.py:188} INFO - [2024-01-14T10:22:39.627+0000] {one_task_dag.py:28} INFO - task is running
[2024-01-14T10:22:39.627+0000] {processor.py:840} INFO - DAG(s) 'one_task' retrieved from /opt/airflow/dags/one_task_dag.py
[2024-01-14T10:22:39.649+0000] {logging_mixin.py:188} INFO - [2024-01-14T10:22:39.648+0000] {dag.py:3033} INFO - Sync 1 DAGs
[2024-01-14T10:22:39.663+0000] {logging_mixin.py:188} INFO - [2024-01-14T10:22:39.662+0000] {dag.py:3820} INFO - Setting next_dagrun for one_task to None, run_after=None
[2024-01-14T10:22:39.694+0000] {processor.py:183} INFO - Processing /opt/airflow/dags/one_task_dag.py took 0.083 seconds
[2024-01-14T10:23:09.877+0000] {processor.py:161} INFO - Started process (PID=17723) to work on /opt/airflow/dags/one_task_dag.py
[2024-01-14T10:23:09.879+0000] {processor.py:830} INFO - Processing file /opt/airflow/dags/one_task_dag.py for tasks to queue
[2024-01-14T10:23:09.881+0000] {logging_mixin.py:188} INFO - [2024-01-14T10:23:09.880+0000] {dagbag.py:538} INFO - Filling up the DagBag from /opt/airflow/dags/one_task_dag.py
[2024-01-14T10:23:09.893+0000] {logging_mixin.py:188} INFO - [2024-01-14T10:23:09.893+0000] {one_task_dag.py:28} INFO - task is running
[2024-01-14T10:23:09.894+0000] {processor.py:840} INFO - DAG(s) 'one_task' retrieved from /opt/airflow/dags/one_task_dag.py
[2024-01-14T10:23:09.922+0000] {logging_mixin.py:188} INFO - [2024-01-14T10:23:09.922+0000] {dag.py:3033} INFO - Sync 1 DAGs
[2024-01-14T10:23:09.938+0000] {logging_mixin.py:188} INFO - [2024-01-14T10:23:09.938+0000] {dag.py:3820} INFO - Setting next_dagrun for one_task to None, run_after=None
[2024-01-14T10:23:09.961+0000] {processor.py:183} INFO - Processing /opt/airflow/dags/one_task_dag.py took 0.092 seconds
[2024-01-14T10:23:40.081+0000] {processor.py:161} INFO - Started process (PID=17980) to work on /opt/airflow/dags/one_task_dag.py
[2024-01-14T10:23:40.083+0000] {processor.py:830} INFO - Processing file /opt/airflow/dags/one_task_dag.py for tasks to queue
[2024-01-14T10:23:40.084+0000] {logging_mixin.py:188} INFO - [2024-01-14T10:23:40.084+0000] {dagbag.py:538} INFO - Filling up the DagBag from /opt/airflow/dags/one_task_dag.py
[2024-01-14T10:23:40.094+0000] {logging_mixin.py:188} INFO - [2024-01-14T10:23:40.094+0000] {one_task_dag.py:28} INFO - task is running
[2024-01-14T10:23:40.095+0000] {processor.py:840} INFO - DAG(s) 'one_task' retrieved from /opt/airflow/dags/one_task_dag.py
[2024-01-14T10:23:40.116+0000] {logging_mixin.py:188} INFO - [2024-01-14T10:23:40.116+0000] {dag.py:3033} INFO - Sync 1 DAGs
[2024-01-14T10:23:40.130+0000] {logging_mixin.py:188} INFO - [2024-01-14T10:23:40.130+0000] {dag.py:3820} INFO - Setting next_dagrun for one_task to None, run_after=None
[2024-01-14T10:23:40.153+0000] {processor.py:183} INFO - Processing /opt/airflow/dags/one_task_dag.py took 0.079 seconds
[2024-01-14T10:24:10.550+0000] {processor.py:161} INFO - Started process (PID=18237) to work on /opt/airflow/dags/one_task_dag.py
[2024-01-14T10:24:10.552+0000] {processor.py:830} INFO - Processing file /opt/airflow/dags/one_task_dag.py for tasks to queue
[2024-01-14T10:24:10.553+0000] {logging_mixin.py:188} INFO - [2024-01-14T10:24:10.553+0000] {dagbag.py:538} INFO - Filling up the DagBag from /opt/airflow/dags/one_task_dag.py
[2024-01-14T10:24:10.561+0000] {logging_mixin.py:188} INFO - [2024-01-14T10:24:10.561+0000] {one_task_dag.py:28} INFO - task is running
[2024-01-14T10:24:10.562+0000] {processor.py:840} INFO - DAG(s) 'one_task' retrieved from /opt/airflow/dags/one_task_dag.py
[2024-01-14T10:24:10.584+0000] {logging_mixin.py:188} INFO - [2024-01-14T10:24:10.584+0000] {dag.py:3033} INFO - Sync 1 DAGs
[2024-01-14T10:24:10.598+0000] {logging_mixin.py:188} INFO - [2024-01-14T10:24:10.598+0000] {dag.py:3820} INFO - Setting next_dagrun for one_task to None, run_after=None
[2024-01-14T10:24:10.620+0000] {processor.py:183} INFO - Processing /opt/airflow/dags/one_task_dag.py took 0.075 seconds
[2024-01-14T10:24:40.759+0000] {processor.py:161} INFO - Started process (PID=18494) to work on /opt/airflow/dags/one_task_dag.py
[2024-01-14T10:24:40.760+0000] {processor.py:830} INFO - Processing file /opt/airflow/dags/one_task_dag.py for tasks to queue
[2024-01-14T10:24:40.761+0000] {logging_mixin.py:188} INFO - [2024-01-14T10:24:40.761+0000] {dagbag.py:538} INFO - Filling up the DagBag from /opt/airflow/dags/one_task_dag.py
[2024-01-14T10:24:40.770+0000] {logging_mixin.py:188} INFO - [2024-01-14T10:24:40.770+0000] {one_task_dag.py:28} INFO - task is running
[2024-01-14T10:24:40.771+0000] {processor.py:840} INFO - DAG(s) 'one_task' retrieved from /opt/airflow/dags/one_task_dag.py
[2024-01-14T10:24:40.791+0000] {logging_mixin.py:188} INFO - [2024-01-14T10:24:40.791+0000] {dag.py:3033} INFO - Sync 1 DAGs
[2024-01-14T10:24:40.805+0000] {logging_mixin.py:188} INFO - [2024-01-14T10:24:40.805+0000] {dag.py:3820} INFO - Setting next_dagrun for one_task to None, run_after=None
[2024-01-14T10:24:40.827+0000] {processor.py:183} INFO - Processing /opt/airflow/dags/one_task_dag.py took 0.075 seconds
[2024-01-14T10:25:11.113+0000] {processor.py:161} INFO - Started process (PID=18751) to work on /opt/airflow/dags/one_task_dag.py
[2024-01-14T10:25:11.115+0000] {processor.py:830} INFO - Processing file /opt/airflow/dags/one_task_dag.py for tasks to queue
[2024-01-14T10:25:11.116+0000] {logging_mixin.py:188} INFO - [2024-01-14T10:25:11.116+0000] {dagbag.py:538} INFO - Filling up the DagBag from /opt/airflow/dags/one_task_dag.py
[2024-01-14T10:25:11.124+0000] {logging_mixin.py:188} INFO - [2024-01-14T10:25:11.124+0000] {one_task_dag.py:28} INFO - task is running
[2024-01-14T10:25:11.125+0000] {processor.py:840} INFO - DAG(s) 'one_task' retrieved from /opt/airflow/dags/one_task_dag.py
[2024-01-14T10:25:11.151+0000] {logging_mixin.py:188} INFO - [2024-01-14T10:25:11.151+0000] {dag.py:3033} INFO - Sync 1 DAGs
[2024-01-14T10:25:11.166+0000] {logging_mixin.py:188} INFO - [2024-01-14T10:25:11.166+0000] {dag.py:3820} INFO - Setting next_dagrun for one_task to None, run_after=None
[2024-01-14T10:25:11.187+0000] {processor.py:183} INFO - Processing /opt/airflow/dags/one_task_dag.py took 0.079 seconds
[2024-01-14T10:25:41.421+0000] {processor.py:161} INFO - Started process (PID=19008) to work on /opt/airflow/dags/one_task_dag.py
[2024-01-14T10:25:41.423+0000] {processor.py:830} INFO - Processing file /opt/airflow/dags/one_task_dag.py for tasks to queue
[2024-01-14T10:25:41.424+0000] {logging_mixin.py:188} INFO - [2024-01-14T10:25:41.424+0000] {dagbag.py:538} INFO - Filling up the DagBag from /opt/airflow/dags/one_task_dag.py
[2024-01-14T10:25:41.435+0000] {logging_mixin.py:188} INFO - [2024-01-14T10:25:41.435+0000] {one_task_dag.py:28} INFO - task is running
[2024-01-14T10:25:41.436+0000] {processor.py:840} INFO - DAG(s) 'one_task' retrieved from /opt/airflow/dags/one_task_dag.py
[2024-01-14T10:25:41.464+0000] {logging_mixin.py:188} INFO - [2024-01-14T10:25:41.464+0000] {dag.py:3033} INFO - Sync 1 DAGs
[2024-01-14T10:25:41.480+0000] {logging_mixin.py:188} INFO - [2024-01-14T10:25:41.480+0000] {dag.py:3820} INFO - Setting next_dagrun for one_task to None, run_after=None
[2024-01-14T10:25:41.501+0000] {processor.py:183} INFO - Processing /opt/airflow/dags/one_task_dag.py took 0.087 seconds
[2024-01-14T10:26:11.586+0000] {processor.py:161} INFO - Started process (PID=19265) to work on /opt/airflow/dags/one_task_dag.py
[2024-01-14T10:26:11.587+0000] {processor.py:830} INFO - Processing file /opt/airflow/dags/one_task_dag.py for tasks to queue
[2024-01-14T10:26:11.588+0000] {logging_mixin.py:188} INFO - [2024-01-14T10:26:11.588+0000] {dagbag.py:538} INFO - Filling up the DagBag from /opt/airflow/dags/one_task_dag.py
[2024-01-14T10:26:11.595+0000] {logging_mixin.py:188} INFO - [2024-01-14T10:26:11.594+0000] {one_task_dag.py:28} INFO - task is running
[2024-01-14T10:26:11.595+0000] {processor.py:840} INFO - DAG(s) 'one_task' retrieved from /opt/airflow/dags/one_task_dag.py
[2024-01-14T10:26:11.616+0000] {logging_mixin.py:188} INFO - [2024-01-14T10:26:11.616+0000] {dag.py:3033} INFO - Sync 1 DAGs
[2024-01-14T10:26:11.630+0000] {logging_mixin.py:188} INFO - [2024-01-14T10:26:11.630+0000] {dag.py:3820} INFO - Setting next_dagrun for one_task to None, run_after=None
[2024-01-14T10:26:11.653+0000] {processor.py:183} INFO - Processing /opt/airflow/dags/one_task_dag.py took 0.071 seconds
[2024-01-14T10:26:41.796+0000] {processor.py:161} INFO - Started process (PID=19522) to work on /opt/airflow/dags/one_task_dag.py
[2024-01-14T10:26:41.796+0000] {processor.py:830} INFO - Processing file /opt/airflow/dags/one_task_dag.py for tasks to queue
[2024-01-14T10:26:41.797+0000] {logging_mixin.py:188} INFO - [2024-01-14T10:26:41.797+0000] {dagbag.py:538} INFO - Filling up the DagBag from /opt/airflow/dags/one_task_dag.py
[2024-01-14T10:26:41.803+0000] {logging_mixin.py:188} INFO - [2024-01-14T10:26:41.803+0000] {one_task_dag.py:28} INFO - task is running
[2024-01-14T10:26:41.804+0000] {processor.py:840} INFO - DAG(s) 'one_task' retrieved from /opt/airflow/dags/one_task_dag.py
[2024-01-14T10:26:41.824+0000] {logging_mixin.py:188} INFO - [2024-01-14T10:26:41.824+0000] {dag.py:3033} INFO - Sync 1 DAGs
[2024-01-14T10:26:41.838+0000] {logging_mixin.py:188} INFO - [2024-01-14T10:26:41.838+0000] {dag.py:3820} INFO - Setting next_dagrun for one_task to None, run_after=None
[2024-01-14T10:26:41.860+0000] {processor.py:183} INFO - Processing /opt/airflow/dags/one_task_dag.py took 0.068 seconds
[2024-01-14T10:27:12.015+0000] {processor.py:161} INFO - Started process (PID=19779) to work on /opt/airflow/dags/one_task_dag.py
[2024-01-14T10:27:12.016+0000] {processor.py:830} INFO - Processing file /opt/airflow/dags/one_task_dag.py for tasks to queue
[2024-01-14T10:27:12.018+0000] {logging_mixin.py:188} INFO - [2024-01-14T10:27:12.018+0000] {dagbag.py:538} INFO - Filling up the DagBag from /opt/airflow/dags/one_task_dag.py
[2024-01-14T10:27:12.024+0000] {logging_mixin.py:188} INFO - [2024-01-14T10:27:12.024+0000] {one_task_dag.py:28} INFO - task is running
[2024-01-14T10:27:12.025+0000] {processor.py:840} INFO - DAG(s) 'one_task' retrieved from /opt/airflow/dags/one_task_dag.py
[2024-01-14T10:27:12.045+0000] {logging_mixin.py:188} INFO - [2024-01-14T10:27:12.045+0000] {dag.py:3033} INFO - Sync 1 DAGs
[2024-01-14T10:27:12.059+0000] {logging_mixin.py:188} INFO - [2024-01-14T10:27:12.059+0000] {dag.py:3820} INFO - Setting next_dagrun for one_task to None, run_after=None
[2024-01-14T10:27:12.081+0000] {processor.py:183} INFO - Processing /opt/airflow/dags/one_task_dag.py took 0.069 seconds
[2024-01-14T10:27:42.399+0000] {processor.py:161} INFO - Started process (PID=20036) to work on /opt/airflow/dags/one_task_dag.py
[2024-01-14T10:27:42.400+0000] {processor.py:830} INFO - Processing file /opt/airflow/dags/one_task_dag.py for tasks to queue
[2024-01-14T10:27:42.401+0000] {logging_mixin.py:188} INFO - [2024-01-14T10:27:42.400+0000] {dagbag.py:538} INFO - Filling up the DagBag from /opt/airflow/dags/one_task_dag.py
[2024-01-14T10:27:42.409+0000] {logging_mixin.py:188} INFO - [2024-01-14T10:27:42.409+0000] {one_task_dag.py:28} INFO - task is running
[2024-01-14T10:27:42.409+0000] {processor.py:840} INFO - DAG(s) 'one_task' retrieved from /opt/airflow/dags/one_task_dag.py
[2024-01-14T10:27:42.432+0000] {logging_mixin.py:188} INFO - [2024-01-14T10:27:42.432+0000] {dag.py:3033} INFO - Sync 1 DAGs
[2024-01-14T10:27:42.446+0000] {logging_mixin.py:188} INFO - [2024-01-14T10:27:42.445+0000] {dag.py:3820} INFO - Setting next_dagrun for one_task to None, run_after=None
[2024-01-14T10:27:42.467+0000] {processor.py:183} INFO - Processing /opt/airflow/dags/one_task_dag.py took 0.073 seconds
[2024-01-14T10:28:12.649+0000] {processor.py:161} INFO - Started process (PID=20293) to work on /opt/airflow/dags/one_task_dag.py
[2024-01-14T10:28:12.650+0000] {processor.py:830} INFO - Processing file /opt/airflow/dags/one_task_dag.py for tasks to queue
[2024-01-14T10:28:12.651+0000] {logging_mixin.py:188} INFO - [2024-01-14T10:28:12.651+0000] {dagbag.py:538} INFO - Filling up the DagBag from /opt/airflow/dags/one_task_dag.py
[2024-01-14T10:28:12.658+0000] {logging_mixin.py:188} INFO - [2024-01-14T10:28:12.658+0000] {one_task_dag.py:28} INFO - task is running
[2024-01-14T10:28:12.658+0000] {processor.py:840} INFO - DAG(s) 'one_task' retrieved from /opt/airflow/dags/one_task_dag.py
[2024-01-14T10:28:12.678+0000] {logging_mixin.py:188} INFO - [2024-01-14T10:28:12.678+0000] {dag.py:3033} INFO - Sync 1 DAGs
[2024-01-14T10:28:12.692+0000] {logging_mixin.py:188} INFO - [2024-01-14T10:28:12.692+0000] {dag.py:3820} INFO - Setting next_dagrun for one_task to None, run_after=None
[2024-01-14T10:28:12.714+0000] {processor.py:183} INFO - Processing /opt/airflow/dags/one_task_dag.py took 0.069 seconds
[2024-01-14T10:28:42.907+0000] {processor.py:161} INFO - Started process (PID=20550) to work on /opt/airflow/dags/one_task_dag.py
[2024-01-14T10:28:42.908+0000] {processor.py:830} INFO - Processing file /opt/airflow/dags/one_task_dag.py for tasks to queue
[2024-01-14T10:28:42.909+0000] {logging_mixin.py:188} INFO - [2024-01-14T10:28:42.908+0000] {dagbag.py:538} INFO - Filling up the DagBag from /opt/airflow/dags/one_task_dag.py
[2024-01-14T10:28:42.916+0000] {logging_mixin.py:188} INFO - [2024-01-14T10:28:42.915+0000] {one_task_dag.py:28} INFO - task is running
[2024-01-14T10:28:42.916+0000] {processor.py:840} INFO - DAG(s) 'one_task' retrieved from /opt/airflow/dags/one_task_dag.py
[2024-01-14T10:28:42.938+0000] {logging_mixin.py:188} INFO - [2024-01-14T10:28:42.937+0000] {dag.py:3033} INFO - Sync 1 DAGs
[2024-01-14T10:28:42.953+0000] {logging_mixin.py:188} INFO - [2024-01-14T10:28:42.952+0000] {dag.py:3820} INFO - Setting next_dagrun for one_task to None, run_after=None
[2024-01-14T10:28:42.976+0000] {processor.py:183} INFO - Processing /opt/airflow/dags/one_task_dag.py took 0.072 seconds
[2024-01-14T10:29:13.153+0000] {processor.py:161} INFO - Started process (PID=20807) to work on /opt/airflow/dags/one_task_dag.py
[2024-01-14T10:29:13.155+0000] {processor.py:830} INFO - Processing file /opt/airflow/dags/one_task_dag.py for tasks to queue
[2024-01-14T10:29:13.157+0000] {logging_mixin.py:188} INFO - [2024-01-14T10:29:13.157+0000] {dagbag.py:538} INFO - Filling up the DagBag from /opt/airflow/dags/one_task_dag.py
[2024-01-14T10:29:13.168+0000] {logging_mixin.py:188} INFO - [2024-01-14T10:29:13.168+0000] {one_task_dag.py:28} INFO - task is running
[2024-01-14T10:29:13.169+0000] {processor.py:840} INFO - DAG(s) 'one_task' retrieved from /opt/airflow/dags/one_task_dag.py
[2024-01-14T10:29:13.190+0000] {logging_mixin.py:188} INFO - [2024-01-14T10:29:13.189+0000] {dag.py:3033} INFO - Sync 1 DAGs
[2024-01-14T10:29:13.203+0000] {logging_mixin.py:188} INFO - [2024-01-14T10:29:13.203+0000] {dag.py:3820} INFO - Setting next_dagrun for one_task to None, run_after=None
[2024-01-14T10:29:13.226+0000] {processor.py:183} INFO - Processing /opt/airflow/dags/one_task_dag.py took 0.081 seconds
[2024-01-14T10:29:43.588+0000] {processor.py:161} INFO - Started process (PID=21064) to work on /opt/airflow/dags/one_task_dag.py
[2024-01-14T10:29:43.589+0000] {processor.py:830} INFO - Processing file /opt/airflow/dags/one_task_dag.py for tasks to queue
[2024-01-14T10:29:43.590+0000] {logging_mixin.py:188} INFO - [2024-01-14T10:29:43.589+0000] {dagbag.py:538} INFO - Filling up the DagBag from /opt/airflow/dags/one_task_dag.py
[2024-01-14T10:29:43.597+0000] {logging_mixin.py:188} INFO - [2024-01-14T10:29:43.597+0000] {one_task_dag.py:28} INFO - task is running
[2024-01-14T10:29:43.598+0000] {processor.py:840} INFO - DAG(s) 'one_task' retrieved from /opt/airflow/dags/one_task_dag.py
[2024-01-14T10:29:43.619+0000] {logging_mixin.py:188} INFO - [2024-01-14T10:29:43.618+0000] {dag.py:3033} INFO - Sync 1 DAGs
[2024-01-14T10:29:43.633+0000] {logging_mixin.py:188} INFO - [2024-01-14T10:29:43.633+0000] {dag.py:3820} INFO - Setting next_dagrun for one_task to None, run_after=None
[2024-01-14T10:29:43.657+0000] {processor.py:183} INFO - Processing /opt/airflow/dags/one_task_dag.py took 0.073 seconds
[2024-01-14T10:30:14.028+0000] {processor.py:161} INFO - Started process (PID=21321) to work on /opt/airflow/dags/one_task_dag.py
[2024-01-14T10:30:14.030+0000] {processor.py:830} INFO - Processing file /opt/airflow/dags/one_task_dag.py for tasks to queue
[2024-01-14T10:30:14.031+0000] {logging_mixin.py:188} INFO - [2024-01-14T10:30:14.031+0000] {dagbag.py:538} INFO - Filling up the DagBag from /opt/airflow/dags/one_task_dag.py
[2024-01-14T10:30:14.042+0000] {logging_mixin.py:188} INFO - [2024-01-14T10:30:14.042+0000] {one_task_dag.py:28} INFO - task is running
[2024-01-14T10:30:14.043+0000] {processor.py:840} INFO - DAG(s) 'one_task' retrieved from /opt/airflow/dags/one_task_dag.py
[2024-01-14T10:30:14.068+0000] {logging_mixin.py:188} INFO - [2024-01-14T10:30:14.068+0000] {dag.py:3033} INFO - Sync 1 DAGs
[2024-01-14T10:30:14.084+0000] {logging_mixin.py:188} INFO - [2024-01-14T10:30:14.084+0000] {dag.py:3820} INFO - Setting next_dagrun for one_task to None, run_after=None
[2024-01-14T10:30:14.107+0000] {processor.py:183} INFO - Processing /opt/airflow/dags/one_task_dag.py took 0.085 seconds
[2024-01-14T10:30:44.405+0000] {processor.py:161} INFO - Started process (PID=21578) to work on /opt/airflow/dags/one_task_dag.py
[2024-01-14T10:30:44.406+0000] {processor.py:830} INFO - Processing file /opt/airflow/dags/one_task_dag.py for tasks to queue
[2024-01-14T10:30:44.407+0000] {logging_mixin.py:188} INFO - [2024-01-14T10:30:44.407+0000] {dagbag.py:538} INFO - Filling up the DagBag from /opt/airflow/dags/one_task_dag.py
[2024-01-14T10:30:44.418+0000] {logging_mixin.py:188} INFO - [2024-01-14T10:30:44.418+0000] {one_task_dag.py:28} INFO - task is running
[2024-01-14T10:30:44.419+0000] {processor.py:840} INFO - DAG(s) 'one_task' retrieved from /opt/airflow/dags/one_task_dag.py
[2024-01-14T10:30:44.442+0000] {logging_mixin.py:188} INFO - [2024-01-14T10:30:44.442+0000] {dag.py:3033} INFO - Sync 1 DAGs
[2024-01-14T10:30:44.459+0000] {logging_mixin.py:188} INFO - [2024-01-14T10:30:44.459+0000] {dag.py:3820} INFO - Setting next_dagrun for one_task to None, run_after=None
[2024-01-14T10:30:44.483+0000] {processor.py:183} INFO - Processing /opt/airflow/dags/one_task_dag.py took 0.084 seconds
[2024-01-14T10:31:14.716+0000] {processor.py:161} INFO - Started process (PID=21835) to work on /opt/airflow/dags/one_task_dag.py
[2024-01-14T10:31:14.718+0000] {processor.py:830} INFO - Processing file /opt/airflow/dags/one_task_dag.py for tasks to queue
[2024-01-14T10:31:14.719+0000] {logging_mixin.py:188} INFO - [2024-01-14T10:31:14.719+0000] {dagbag.py:538} INFO - Filling up the DagBag from /opt/airflow/dags/one_task_dag.py
[2024-01-14T10:31:14.728+0000] {logging_mixin.py:188} INFO - [2024-01-14T10:31:14.727+0000] {one_task_dag.py:28} INFO - task is running
[2024-01-14T10:31:14.729+0000] {processor.py:840} INFO - DAG(s) 'one_task' retrieved from /opt/airflow/dags/one_task_dag.py
[2024-01-14T10:31:14.758+0000] {logging_mixin.py:188} INFO - [2024-01-14T10:31:14.758+0000] {dag.py:3033} INFO - Sync 1 DAGs
[2024-01-14T10:31:14.781+0000] {logging_mixin.py:188} INFO - [2024-01-14T10:31:14.781+0000] {dag.py:3820} INFO - Setting next_dagrun for one_task to None, run_after=None
[2024-01-14T10:31:14.819+0000] {processor.py:183} INFO - Processing /opt/airflow/dags/one_task_dag.py took 0.108 seconds
[2024-01-14T10:31:45.143+0000] {processor.py:161} INFO - Started process (PID=22092) to work on /opt/airflow/dags/one_task_dag.py
[2024-01-14T10:31:45.144+0000] {processor.py:830} INFO - Processing file /opt/airflow/dags/one_task_dag.py for tasks to queue
[2024-01-14T10:31:45.145+0000] {logging_mixin.py:188} INFO - [2024-01-14T10:31:45.145+0000] {dagbag.py:538} INFO - Filling up the DagBag from /opt/airflow/dags/one_task_dag.py
[2024-01-14T10:31:45.153+0000] {logging_mixin.py:188} INFO - [2024-01-14T10:31:45.153+0000] {one_task_dag.py:28} INFO - task is running
[2024-01-14T10:31:45.153+0000] {processor.py:840} INFO - DAG(s) 'one_task' retrieved from /opt/airflow/dags/one_task_dag.py
[2024-01-14T10:31:45.174+0000] {logging_mixin.py:188} INFO - [2024-01-14T10:31:45.174+0000] {dag.py:3033} INFO - Sync 1 DAGs
[2024-01-14T10:31:45.188+0000] {logging_mixin.py:188} INFO - [2024-01-14T10:31:45.188+0000] {dag.py:3820} INFO - Setting next_dagrun for one_task to None, run_after=None
[2024-01-14T10:31:45.212+0000] {processor.py:183} INFO - Processing /opt/airflow/dags/one_task_dag.py took 0.073 seconds
[2024-01-14T10:32:15.468+0000] {processor.py:161} INFO - Started process (PID=22349) to work on /opt/airflow/dags/one_task_dag.py
[2024-01-14T10:32:15.471+0000] {processor.py:830} INFO - Processing file /opt/airflow/dags/one_task_dag.py for tasks to queue
[2024-01-14T10:32:15.473+0000] {logging_mixin.py:188} INFO - [2024-01-14T10:32:15.472+0000] {dagbag.py:538} INFO - Filling up the DagBag from /opt/airflow/dags/one_task_dag.py
[2024-01-14T10:32:15.490+0000] {logging_mixin.py:188} INFO - [2024-01-14T10:32:15.489+0000] {one_task_dag.py:28} INFO - task is running
[2024-01-14T10:32:15.491+0000] {processor.py:840} INFO - DAG(s) 'one_task' retrieved from /opt/airflow/dags/one_task_dag.py
[2024-01-14T10:32:15.531+0000] {logging_mixin.py:188} INFO - [2024-01-14T10:32:15.530+0000] {dag.py:3033} INFO - Sync 1 DAGs
[2024-01-14T10:32:15.557+0000] {logging_mixin.py:188} INFO - [2024-01-14T10:32:15.557+0000] {dag.py:3820} INFO - Setting next_dagrun for one_task to None, run_after=None
[2024-01-14T10:32:15.597+0000] {processor.py:183} INFO - Processing /opt/airflow/dags/one_task_dag.py took 0.139 seconds
[2024-01-14T10:32:45.940+0000] {processor.py:161} INFO - Started process (PID=22606) to work on /opt/airflow/dags/one_task_dag.py
[2024-01-14T10:32:45.941+0000] {processor.py:830} INFO - Processing file /opt/airflow/dags/one_task_dag.py for tasks to queue
[2024-01-14T10:32:45.942+0000] {logging_mixin.py:188} INFO - [2024-01-14T10:32:45.942+0000] {dagbag.py:538} INFO - Filling up the DagBag from /opt/airflow/dags/one_task_dag.py
[2024-01-14T10:32:45.953+0000] {logging_mixin.py:188} INFO - [2024-01-14T10:32:45.952+0000] {one_task_dag.py:28} INFO - task is running
[2024-01-14T10:32:45.953+0000] {processor.py:840} INFO - DAG(s) 'one_task' retrieved from /opt/airflow/dags/one_task_dag.py
[2024-01-14T10:32:45.977+0000] {logging_mixin.py:188} INFO - [2024-01-14T10:32:45.977+0000] {dag.py:3033} INFO - Sync 1 DAGs
[2024-01-14T10:32:45.998+0000] {logging_mixin.py:188} INFO - [2024-01-14T10:32:45.997+0000] {dag.py:3820} INFO - Setting next_dagrun for one_task to None, run_after=None
[2024-01-14T10:32:46.031+0000] {processor.py:183} INFO - Processing /opt/airflow/dags/one_task_dag.py took 0.095 seconds
